-------------------------------------------------------------------------------
Test set: org.jsoup.parser.HtmlTreeBuilderTest
-------------------------------------------------------------------------------
Tests run: 3, Failures: 0, Errors: 1, Skipped: 0, Time elapsed: 0.014 s <<< FAILURE! - in org.jsoup.parser.HtmlTreeBuilderTest
org.jsoup.parser.HtmlTreeBuilderTest.ensureSearchArraysAreSorted  Time elapsed: 0.001 s  <<< ERROR!
java.lang.ClassCastException: [I cannot be cast to [Ljava.lang.Object;
	at org.jsoup.parser.HtmlTreeBuilderTest.ensureSearchArraysAreSorted(HtmlTreeBuilderTest.java:19)

