-------------------------------------------------------------------------------
Test set: org.jsoup.parser.HtmlTreeBuilderStateTest
-------------------------------------------------------------------------------
Tests run: 3, Failures: 0, Errors: 1, Skipped: 0, Time elapsed: 0.021 s <<< FAILURE! - in org.jsoup.parser.HtmlTreeBuilderStateTest
org.jsoup.parser.HtmlTreeBuilderStateTest.ensureArraysAreSorted  Time elapsed: 0.001 s  <<< ERROR!
java.lang.ClassCastException: [I cannot be cast to [Ljava.lang.Object;
	at org.jsoup.parser.HtmlTreeBuilderStateTest.findConstantArrays(HtmlTreeBuilderStateTest.java:25)
	at org.jsoup.parser.HtmlTreeBuilderStateTest.ensureArraysAreSorted(HtmlTreeBuilderStateTest.java:45)

