<?xml version="1.0" encoding="UTF-8"?>
<testsuite xmlns:xsi="http://www.w3.org/2001/XMLSchema-instance" xsi:noNamespaceSchemaLocation="https://maven.apache.org/surefire/maven-surefire-plugin/xsd/surefire-test-report-3.0.xsd" version="3.0" name="org.jsoup.nodes.FormElementTest" time="0.934" tests="12" errors="0" skipped="0" failures="0">
  <properties>
[...]
</properties>
  <testcase name="formSubmissionCarriesCookiesFromSession" classname="org.jsoup.nodes.FormElementTest" time="0.492">
    <system-out><![CDATA[[DEBUG] Logging to Logger[org.eclipse.jetty.util.log] via org.eclipse.jetty.util.log.Slf4jLog
[INFO] Logging initialized @8154ms to org.eclipse.jetty.util.log.Slf4jLog
[DEBUG] QueuedThreadPool[qtp487792155]@1d131e1b{STOPPED,8<=0<=200,i=0,r=-1,q=0}[NO_TRY] added {org.eclipse.jetty.util.thread.ThreadPoolBudget@34f7234e,POJO}
[DEBUG] Server@65fe9e33{STOPPED}[9.4.43.v20210629] added {QueuedThreadPool[qtp487792155]@1d131e1b{STOPPED,8<=0<=200,i=0,r=-1,q=0}[NO_TRY],AUTO}
[DEBUG] HttpConnectionFactory@235a0c16[HTTP/1.1] added {HttpConfiguration@2b5f4d54{32768/8192,8192/8192,https://:0,[]},POJO}
[DEBUG] ServerConnector@485e36bc{null, ()}{0.0.0.0:0} added {Server@65fe9e33{STOPPED}[9.4.43.v20210629],UNMANAGED}
[DEBUG] ServerConnector@485e36bc{null, ()}{0.0.0.0:0} added {QueuedThreadPool[qtp487792155]@1d131e1b{STOPPED,8<=0<=200,i=0,r=-1,q=0}[NO_TRY],AUTO}
[DEBUG] ServerConnector@485e36bc{null, ()}{0.0.0.0:0} added {ScheduledExecutorScheduler@5553d0f5{STOPPED},AUTO}
[DEBUG] ServerConnector@485e36bc{null, ()}{0.0.0.0:0} added {org.eclipse.jetty.io.ArrayByteBufferPool@1af687fe,POJO}
[DEBUG] ServerConnector@485e36bc{null, (http/1.1)}{0.0.0.0:0} added {HttpConnectionFactory@235a0c16[HTTP/1.1],AUTO}
[DEBUG] ServerConnector@485e36bc{HTTP/1.1, (http/1.1)}{0.0.0.0:0} added HttpConnectionFactory@235a0c16[HTTP/1.1]
[DEBUG] ServerConnector@485e36bc{HTTP/1.1, (http/1.1)}{0.0.0.0:0} added {SelectorManager@ServerConnector@485e36bc{HTTP/1.1, (http/1.1)}{0.0.0.0:0},MANAGED}
[DEBUG] Server@65fe9e33{STOPPED}[9.4.43.v20210629] added {ServerConnector@485e36bc{HTTP/1.1, (http/1.1)}{0.0.0.0:0},AUTO}
[DEBUG] Server@65fe9e33{STOPPED}[9.4.43.v20210629] added {AttributeContainerMap@6e6d5d29{size=0},AUTO}
[DEBUG] Server@65fe9e33{STOPPED}[9.4.43.v20210629] added {ServletHandler@73dce0e6{STOPPED},MANAGED}
[DEBUG] starting Server@65fe9e33{STOPPED}[9.4.43.v20210629]
[DEBUG] Server@65fe9e33{STARTING}[9.4.43.v20210629] added {ErrorHandler@5c8504fd{STOPPED},AUTO}
[INFO] jetty-9.4.43.v20210629; built: 2021-06-30T11:07:22.254Z; git: 526006ecfa3af7f1a27ef3a288e2bef7ea9dd7e8; jvm 1.8.0_292-8u292-b10-0ubuntu1~16.04.1-b10
[DEBUG] starting Server@65fe9e33{STARTING}[9.4.43.v20210629]
[DEBUG] starting QueuedThreadPool[qtp487792155]@1d131e1b{STOPPED,8<=0<=200,i=0,r=-1,q=0}[NO_TRY]
[DEBUG] ReservedThreadExecutor@7ec3394b{s=0/1,p=0}
[DEBUG] QueuedThreadPool[qtp487792155]@1d131e1b{STARTING,8<=0<=200,i=0,r=-1,q=0}[ReservedThreadExecutor@7ec3394b{s=0/1,p=0}] added {ReservedThreadExecutor@7ec3394b{s=0/1,p=0},AUTO}
[DEBUG] starting ReservedThreadExecutor@7ec3394b{s=0/1,p=0}
[DEBUG] STARTED @8347ms ReservedThreadExecutor@7ec3394b{s=0/1,p=0}
[DEBUG] Starting Thread[qtp487792155-13,5,main]
[DEBUG] Starting Thread[qtp487792155-14,5,main]
[DEBUG] Runner started for QueuedThreadPool[qtp487792155]@1d131e1b{STARTING,8<=2<=200,i=2,r=-1,q=0}[ReservedThreadExecutor@7ec3394b{s=0/1,p=0}]
[DEBUG] Starting Thread[qtp487792155-15,5,main]
[DEBUG] Runner started for QueuedThreadPool[qtp487792155]@1d131e1b{STARTING,8<=3<=200,i=3,r=-1,q=0}[ReservedThreadExecutor@7ec3394b{s=0/1,p=0}]
[DEBUG] Starting Thread[qtp487792155-16,5,main]
[DEBUG] Runner started for QueuedThreadPool[qtp487792155]@1d131e1b{STARTING,8<=4<=200,i=4,r=-1,q=0}[ReservedThreadExecutor@7ec3394b{s=0/1,p=0}]
[DEBUG] Starting Thread[qtp487792155-17,5,main]
[DEBUG] Starting Thread[qtp487792155-18,5,main]
[DEBUG] Starting Thread[qtp487792155-19,5,main]
[DEBUG] Starting Thread[qtp487792155-20,5,main]
[DEBUG] STARTED @8363ms QueuedThreadPool[qtp487792155]@1d131e1b{STARTED,8<=8<=200,i=8,r=-1,q=0}[ReservedThreadExecutor@7ec3394b{s=0/1,p=0}]
[DEBUG] starting AttributeContainerMap@6e6d5d29{size=0}
[DEBUG] STARTED @8364ms AttributeContainerMap@6e6d5d29{size=0}
[DEBUG] starting ServletHandler@73dce0e6{STOPPED}
[DEBUG] Runner started for QueuedThreadPool[qtp487792155]@1d131e1b{STARTED,8<=8<=200,i=8,r=-1,q=0}[ReservedThreadExecutor@7ec3394b{s=0/1,p=0}]
[DEBUG] Runner started for QueuedThreadPool[qtp487792155]@1d131e1b{STARTED,8<=8<=200,i=8,r=-1,q=0}[ReservedThreadExecutor@7ec3394b{s=0/1,p=0}]
[DEBUG] Runner started for QueuedThreadPool[qtp487792155]@1d131e1b{STARTED,8<=8<=200,i=8,r=-1,q=0}[ReservedThreadExecutor@7ec3394b{s=0/1,p=0}]
[DEBUG] Runner started for QueuedThreadPool[qtp487792155]@1d131e1b{STARTED,8<=8<=200,i=8,r=-1,q=0}[ReservedThreadExecutor@7ec3394b{s=0/1,p=0}]
[DEBUG] Runner started for QueuedThreadPool[qtp487792155]@1d131e1b{STARTED,8<=8<=200,i=8,r=-1,q=0}[ReservedThreadExecutor@7ec3394b{s=0/1,p=0}]
[DEBUG] filterNameMap={}
[DEBUG] pathFilters=null
[DEBUG] servletFilterMap=null
[DEBUG] servletPathMap=null
[DEBUG] servletNameMap={}
[DEBUG] Adding Default404Servlet to ServletHandler@73dce0e6{STARTING}
[DEBUG] ServletHandler@73dce0e6{STARTING} added {org.eclipse.jetty.servlet.ServletHandler$Default404Servlet-6035b93b==org.eclipse.jetty.servlet.ServletHandler$Default404Servlet@8bf2cb16{jsp=null,order=-1,inst=false,async=true,src=EMBEDDED:null,STOPPED},AUTO}
[DEBUG] ServletHandler@73dce0e6{STARTING} added {[/]=>org.eclipse.jetty.servlet.ServletHandler$Default404Servlet-6035b93b,POJO}
[DEBUG] Path=/[EMBEDDED:null] mapped to servlet=org.eclipse.jetty.servlet.ServletHandler$Default404Servlet-6035b93b[EMBEDDED:null]
[DEBUG] Added MappedResource[pathSpec=ServletPathSpec@4e{/},resource=org.eclipse.jetty.servlet.ServletHandler$Default404Servlet-6035b93b==org.eclipse.jetty.servlet.ServletHandler$Default404Servlet@8bf2cb16{jsp=null,order=-1,inst=false,async=true,src=EMBEDDED:null,STOPPED}] to PathMappings[size=1]
[DEBUG] filterNameMap={}
[DEBUG] pathFilters=null
[DEBUG] servletFilterMap=null
[DEBUG] servletPathMap=PathMappings[size=1]
[DEBUG] servletNameMap={org.eclipse.jetty.servlet.ServletHandler$Default404Servlet-6035b93b=org.eclipse.jetty.servlet.ServletHandler$Default404Servlet-6035b93b==org.eclipse.jetty.servlet.ServletHandler$Default404Servlet@8bf2cb16{jsp=null,order=-1,inst=false,async=true,src=EMBEDDED:null,STOPPED}}
[DEBUG] Path=/[EMBEDDED:null] mapped to servlet=org.eclipse.jetty.servlet.ServletHandler$Default404Servlet-6035b93b[EMBEDDED:null]
[DEBUG] Added MappedResource[pathSpec=ServletPathSpec@4e{/},resource=org.eclipse.jetty.servlet.ServletHandler$Default404Servlet-6035b93b==org.eclipse.jetty.servlet.ServletHandler$Default404Servlet@8bf2cb16{jsp=null,order=-1,inst=false,async=true,src=EMBEDDED:null,STOPPED}] to PathMappings[size=1]
[DEBUG] filterNameMap={}
[DEBUG] pathFilters=null
[DEBUG] servletFilterMap=null
[DEBUG] servletPathMap=PathMappings[size=1]
[DEBUG] servletNameMap={org.eclipse.jetty.servlet.ServletHandler$Default404Servlet-6035b93b=org.eclipse.jetty.servlet.ServletHandler$Default404Servlet-6035b93b==org.eclipse.jetty.servlet.ServletHandler$Default404Servlet@8bf2cb16{jsp=null,order=-1,inst=false,async=true,src=EMBEDDED:null,STOPPED}}
[DEBUG] starting org.eclipse.jetty.servlet.ServletHandler$Default404Servlet-6035b93b==org.eclipse.jetty.servlet.ServletHandler$Default404Servlet@8bf2cb16{jsp=null,order=-1,inst=false,async=true,src=EMBEDDED:null,STOPPED}
[DEBUG] STARTED @8418ms org.eclipse.jetty.servlet.ServletHandler$Default404Servlet-6035b93b==org.eclipse.jetty.servlet.ServletHandler$Default404Servlet@8bf2cb16{jsp=null,order=-1,inst=false,async=true,src=EMBEDDED:null,STARTED}
[DEBUG] starting ServletHandler@73dce0e6{STARTING}
[DEBUG] STARTED @8418ms ServletHandler@73dce0e6{STARTED}
[DEBUG] starting ErrorHandler@5c8504fd{STOPPED}
[DEBUG] starting ErrorHandler@5c8504fd{STARTING}
[DEBUG] STARTED @8419ms ErrorHandler@5c8504fd{STARTED}
[DEBUG] starting ServerConnector@485e36bc{HTTP/1.1, (http/1.1)}{0.0.0.0:0}
[DEBUG] ServerConnector@485e36bc{HTTP/1.1, (http/1.1)}{0.0.0.0:38858} added {sun.nio.ch.ServerSocketChannelImpl[/0:0:0:0:0:0:0:0:38858],POJO}
[DEBUG] starting ScheduledExecutorScheduler@5553d0f5{STOPPED}
[DEBUG] STARTED @8446ms ScheduledExecutorScheduler@5553d0f5{STARTED}
[DEBUG] starting HttpConnectionFactory@235a0c16[HTTP/1.1]
[DEBUG] STARTED @8447ms HttpConnectionFactory@235a0c16[HTTP/1.1]
[DEBUG] starting SelectorManager@ServerConnector@485e36bc{HTTP/1.1, (http/1.1)}{0.0.0.0:38858}
[DEBUG] EatWhatYouKill@4febb875/SelectorProducer@cb191ca/IDLE/p=false/QueuedThreadPool[qtp487792155]@1d131e1b{STARTED,8<=8<=200,i=8,r=-1,q=0}[ReservedThreadExecutor@7ec3394b{s=0/1,p=0}][pc=0,pic=0,pec=0,epc=0]@2021-09-20T19:30:07.395Z added {SelectorProducer@cb191ca,POJO}
[DEBUG] EatWhatYouKill@4febb875/SelectorProducer@cb191ca/IDLE/p=false/QueuedThreadPool[qtp487792155]@1d131e1b{STARTED,8<=8<=200,i=8,r=-1,q=0}[ReservedThreadExecutor@7ec3394b{s=0/1,p=0}][pc=0,pic=0,pec=0,epc=0]@2021-09-20T19:30:07.403Z added {QueuedThreadPool[qtp487792155]@1d131e1b{STARTED,8<=8<=200,i=8,r=-1,q=0}[ReservedThreadExecutor@7ec3394b{s=0/1,p=0}],UNMANAGED}
[DEBUG] EatWhatYouKill@4febb875/SelectorProducer@cb191ca/IDLE/p=false/QueuedThreadPool[qtp487792155]@1d131e1b{STARTED,8<=8<=200,i=8,r=-1,q=0}[ReservedThreadExecutor@7ec3394b{s=0/1,p=0}][pc=0,pic=0,pec=0,epc=0]@2021-09-20T19:30:07.404Z created
[DEBUG] ManagedSelector@129b4fe2{STOPPED} id=0 keys=-1 selected=-1 updates=0 added {EatWhatYouKill@4febb875/SelectorProducer@cb191ca/IDLE/p=false/QueuedThreadPool[qtp487792155]@1d131e1b{STARTED,8<=8<=200,i=8,r=-1,q=0}[ReservedThreadExecutor@7ec3394b{s=0/1,p=0}][pc=0,pic=0,pec=0,epc=0]@2021-09-20T19:30:07.405Z,MANAGED}
[DEBUG] SelectorManager@ServerConnector@485e36bc{HTTP/1.1, (http/1.1)}{0.0.0.0:38858} added {ManagedSelector@129b4fe2{STOPPED} id=0 keys=-1 selected=-1 updates=0,AUTO}
[DEBUG] starting ManagedSelector@129b4fe2{STOPPED} id=0 keys=-1 selected=-1 updates=0
[DEBUG] starting EatWhatYouKill@4febb875/SelectorProducer@cb191ca/IDLE/p=false/QueuedThreadPool[qtp487792155]@1d131e1b{STARTED,8<=8<=200,i=8,r=-1,q=0}[ReservedThreadExecutor@7ec3394b{s=0/1,p=0}][pc=0,pic=0,pec=0,epc=0]@2021-09-20T19:30:07.406Z
[DEBUG] STARTED @8495ms EatWhatYouKill@4febb875/SelectorProducer@cb191ca/IDLE/p=false/QueuedThreadPool[qtp487792155]@1d131e1b{STARTED,8<=8<=200,i=8,r=-1,q=0}[ReservedThreadExecutor@7ec3394b{s=0/1,p=0}][pc=0,pic=0,pec=0,epc=0]@2021-09-20T19:30:07.407Z
[DEBUG] run org.eclipse.jetty.io.ManagedSelector$$Lambda$473/26928827@7bb58ac5 in QueuedThreadPool[qtp487792155]@1d131e1b{STARTED,8<=8<=200,i=7,r=-1,q=0}[ReservedThreadExecutor@7ec3394b{s=0/1,p=0}]
[DEBUG] EatWhatYouKill@4febb875/SelectorProducer@cb191ca/IDLE/p=false/QueuedThreadPool[qtp487792155]@1d131e1b{STARTED,8<=8<=200,i=7,r=-1,q=0}[ReservedThreadExecutor@7ec3394b{s=0/1,p=0}][pc=0,pic=0,pec=0,epc=0]@2021-09-20T19:30:07.412Z tryProduce false
[DEBUG] queue org.eclipse.jetty.io.ManagedSelector$$Lambda$473/26928827@7bb58ac5 startThread=0
[DEBUG] Queued change lazy=false org.eclipse.jetty.io.ManagedSelector$Start@10993713 on ManagedSelector@129b4fe2{STARTING} id=0 keys=0 selected=0 updates=0
[DEBUG] updateable 1
[DEBUG] update org.eclipse.jetty.io.ManagedSelector$Start@10993713
[DEBUG] updates 0
[DEBUG] Selector sun.nio.ch.EPollSelectorImpl@54609eb7 waiting with 0 keys
[DEBUG] STARTED @8503ms ManagedSelector@129b4fe2{STARTED} id=0 keys=0 selected=0 updates=0
[DEBUG] STARTED @8504ms SelectorManager@ServerConnector@485e36bc{HTTP/1.1, (http/1.1)}{0.0.0.0:38858}
[DEBUG] ServerConnector@485e36bc{HTTP/1.1, (http/1.1)}{0.0.0.0:38858} added {acceptor-0@72cf2de5,POJO}
[DEBUG] run acceptor-0@72cf2de5 in QueuedThreadPool[qtp487792155]@1d131e1b{STARTED,8<=8<=200,i=6,r=-1,q=0}[ReservedThreadExecutor@7ec3394b{s=0/1,p=0}]
[DEBUG] queue qtp487792155-14-acceptor-0@72cf2de5-ServerConnector@485e36bc{HTTP/1.1, (http/1.1)}{0.0.0.0:38858} startThread=0
[INFO] Started ServerConnector@485e36bc{HTTP/1.1, (http/1.1)}{0.0.0.0:38858}
[DEBUG] STARTED @8506ms ServerConnector@485e36bc{HTTP/1.1, (http/1.1)}{0.0.0.0:38858}
[INFO] Started @8506ms
[DEBUG] STARTED @8506ms Server@65fe9e33{STARTED}[9.4.43.v20210629]
[DEBUG] starting org.jsoup.integration.servlets.EchoServlet-422c3c7a==org.jsoup.integration.servlets.EchoServlet@66e2fba5{jsp=null,order=-1,inst=false,async=true,src=EMBEDDED:null,STOPPED}
[DEBUG] STARTED @8545ms org.jsoup.integration.servlets.EchoServlet-422c3c7a==org.jsoup.integration.servlets.EchoServlet@66e2fba5{jsp=null,order=-1,inst=false,async=true,src=EMBEDDED:null,STARTED}
[DEBUG] ServletHandler@73dce0e6{STARTED} added {org.jsoup.integration.servlets.EchoServlet-422c3c7a==org.jsoup.integration.servlets.EchoServlet@66e2fba5{jsp=null,order=-1,inst=false,async=true,src=EMBEDDED:null,STARTED},UNMANAGED}
[DEBUG] ServletHandler@73dce0e6{STARTED} added {[/EchoServlet/*]=>org.jsoup.integration.servlets.EchoServlet-422c3c7a,POJO}
[DEBUG] Path=/EchoServlet/*[EMBEDDED:null] mapped to servlet=org.jsoup.integration.servlets.EchoServlet-422c3c7a[EMBEDDED:null]
[DEBUG] Added MappedResource[pathSpec=ServletPathSpec@8f86de6b{/EchoServlet/*},resource=org.jsoup.integration.servlets.EchoServlet-422c3c7a==org.jsoup.integration.servlets.EchoServlet@66e2fba5{jsp=null,order=-1,inst=false,async=true,src=EMBEDDED:null,STARTED}] to PathMappings[size=1]
[DEBUG] Path=/[EMBEDDED:null] mapped to servlet=org.eclipse.jetty.servlet.ServletHandler$Default404Servlet-6035b93b[EMBEDDED:null]
[DEBUG] Added MappedResource[pathSpec=ServletPathSpec@4e{/},resource=org.eclipse.jetty.servlet.ServletHandler$Default404Servlet-6035b93b==org.eclipse.jetty.servlet.ServletHandler$Default404Servlet@8bf2cb16{jsp=null,order=-1,inst=false,async=true,src=EMBEDDED:null,STARTED}] to PathMappings[size=2]
[DEBUG] filterNameMap={}
[DEBUG] pathFilters=null
[DEBUG] servletFilterMap=null
[DEBUG] servletPathMap=PathMappings[size=2]
[DEBUG] servletNameMap={org.eclipse.jetty.servlet.ServletHandler$Default404Servlet-6035b93b=org.eclipse.jetty.servlet.ServletHandler$Default404Servlet-6035b93b==org.eclipse.jetty.servlet.ServletHandler$Default404Servlet@8bf2cb16{jsp=null,order=-1,inst=false,async=true,src=EMBEDDED:null,STARTED}, org.jsoup.integration.servlets.EchoServlet-422c3c7a=org.jsoup.integration.servlets.EchoServlet-422c3c7a==org.jsoup.integration.servlets.EchoServlet@66e2fba5{jsp=null,order=-1,inst=false,async=true,src=EMBEDDED:null,STARTED}}
[DEBUG] starting org.jsoup.integration.servlets.CookieServlet-d8305c2==org.jsoup.integration.servlets.CookieServlet@ca8db5d8{jsp=null,order=-1,inst=false,async=true,src=EMBEDDED:null,STOPPED}
[DEBUG] STARTED @8552ms org.jsoup.integration.servlets.CookieServlet-d8305c2==org.jsoup.integration.servlets.CookieServlet@ca8db5d8{jsp=null,order=-1,inst=false,async=true,src=EMBEDDED:null,STARTED}
[DEBUG] ServletHandler@73dce0e6{STARTED} added {org.jsoup.integration.servlets.CookieServlet-d8305c2==org.jsoup.integration.servlets.CookieServlet@ca8db5d8{jsp=null,order=-1,inst=false,async=true,src=EMBEDDED:null,STARTED},UNMANAGED}
[DEBUG] ServletHandler@73dce0e6{STARTED} added {[/CookieServlet/*]=>org.jsoup.integration.servlets.CookieServlet-d8305c2,POJO}
[DEBUG] Path=/EchoServlet/*[EMBEDDED:null] mapped to servlet=org.jsoup.integration.servlets.EchoServlet-422c3c7a[EMBEDDED:null]
[DEBUG] Added MappedResource[pathSpec=ServletPathSpec@8f86de6b{/EchoServlet/*},resource=org.jsoup.integration.servlets.EchoServlet-422c3c7a==org.jsoup.integration.servlets.EchoServlet@66e2fba5{jsp=null,order=-1,inst=false,async=true,src=EMBEDDED:null,STARTED}] to PathMappings[size=1]
[DEBUG] Path=/CookieServlet/*[EMBEDDED:null] mapped to servlet=org.jsoup.integration.servlets.CookieServlet-d8305c2[EMBEDDED:null]
[DEBUG] Added MappedResource[pathSpec=ServletPathSpec@5e4054cc{/CookieServlet/*},resource=org.jsoup.integration.servlets.CookieServlet-d8305c2==org.jsoup.integration.servlets.CookieServlet@ca8db5d8{jsp=null,order=-1,inst=false,async=true,src=EMBEDDED:null,STARTED}] to PathMappings[size=2]
[DEBUG] Path=/[EMBEDDED:null] mapped to servlet=org.eclipse.jetty.servlet.ServletHandler$Default404Servlet-6035b93b[EMBEDDED:null]
[DEBUG] Added MappedResource[pathSpec=ServletPathSpec@4e{/},resource=org.eclipse.jetty.servlet.ServletHandler$Default404Servlet-6035b93b==org.eclipse.jetty.servlet.ServletHandler$Default404Servlet@8bf2cb16{jsp=null,order=-1,inst=false,async=true,src=EMBEDDED:null,STARTED}] to PathMappings[size=3]
[DEBUG] filterNameMap={}
[DEBUG] pathFilters=null
[DEBUG] servletFilterMap=null
[DEBUG] servletPathMap=PathMappings[size=3]
[DEBUG] servletNameMap={org.eclipse.jetty.servlet.ServletHandler$Default404Servlet-6035b93b=org.eclipse.jetty.servlet.ServletHandler$Default404Servlet-6035b93b==org.eclipse.jetty.servlet.ServletHandler$Default404Servlet@8bf2cb16{jsp=null,order=-1,inst=false,async=true,src=EMBEDDED:null,STARTED}, org.jsoup.integration.servlets.CookieServlet-d8305c2=org.jsoup.integration.servlets.CookieServlet-d8305c2==org.jsoup.integration.servlets.CookieServlet@ca8db5d8{jsp=null,order=-1,inst=false,async=true,src=EMBEDDED:null,STARTED}, org.jsoup.integration.servlets.EchoServlet-422c3c7a=org.jsoup.integration.servlets.EchoServlet-422c3c7a==org.jsoup.integration.servlets.EchoServlet@66e2fba5{jsp=null,order=-1,inst=false,async=true,src=EMBEDDED:null,STARTED}}
[DEBUG] Queued change lazy=false Accept@615ea420[java.nio.channels.SocketChannel[connected local=/127.0.0.1:38858 remote=/127.0.0.1:42938]] on ManagedSelector@129b4fe2{STARTED} id=0 keys=0 selected=0 updates=0
[DEBUG] Wakeup on submit ManagedSelector@129b4fe2{STARTED} id=0 keys=0 selected=0 updates=1
[DEBUG] Selector sun.nio.ch.EPollSelectorImpl@54609eb7 woken with none selected
[DEBUG] Selector sun.nio.ch.EPollSelectorImpl@54609eb7 woken up from select, 0/0/0 selected
[DEBUG] Selector sun.nio.ch.EPollSelectorImpl@54609eb7 processing 0 keys, 1 updates
[DEBUG] updateable 1
[DEBUG] update Accept@615ea420[java.nio.channels.SocketChannel[connected local=/127.0.0.1:38858 remote=/127.0.0.1:42938]]
[DEBUG] queue Accept@615ea420[java.nio.channels.SocketChannel[connected local=/127.0.0.1:38858 remote=/127.0.0.1:42938]] startThread=0
[DEBUG] updates 0
[DEBUG] Selector sun.nio.ch.EPollSelectorImpl@54609eb7 waiting with 1 keys
[DEBUG] run Accept@615ea420[java.nio.channels.SocketChannel[connected local=/127.0.0.1:38858 remote=/127.0.0.1:42938]] in QueuedThreadPool[qtp487792155]@1d131e1b{STARTED,8<=8<=200,i=5,r=-1,q=0}[ReservedThreadExecutor@7ec3394b{s=0/1,p=0}]
[DEBUG] SocketChannelEndPoint@1bd6e8a{l=/127.0.0.1:38858,r=/127.0.0.1:42938,OPEN,fill=-,flush=-,to=12/30000}{io=0/0,kio=0,kro=0}-><null> idle timeout check, elapsed: 11 ms, remaining: 29989 ms
[DEBUG] HttpField encoders loaded: [org.eclipse.jetty.http.Http1FieldPreEncoder@6193cd4e]
[DEBUG] new HttpChannelOverHttp@33736c40{s=HttpChannelState@4531524{s=IDLE rs=BLOCKING os=OPEN is=IDLE awp=false se=false i=true al=0},r=0,c=false/false,a=IDLE,uri=null,age=0} -> SocketChannelEndPoint@1bd6e8a{l=/127.0.0.1:38858,r=/127.0.0.1:42938,OPEN,fill=-,flush=-,to=84/30000}{io=0/0,kio=0,kro=0}-><null>,null,HttpChannelState@4531524{s=IDLE rs=BLOCKING os=OPEN is=IDLE awp=false se=false i=true al=0}
[DEBUG] New HTTP Connection HttpConnection@77276f3d::SocketChannelEndPoint@1bd6e8a{l=/127.0.0.1:38858,r=/127.0.0.1:42938,OPEN,fill=-,flush=-,to=103/30000}{io=0/0,kio=0,kro=0}-><null>
[DEBUG] Queued change lazy=true org.eclipse.jetty.io.ManagedSelector$$Lambda$478/1161168292@46b23f6f on ManagedSelector@129b4fe2{STARTED} id=0 keys=1 selected=0 updates=0
[DEBUG] onOpen SocketChannelEndPoint@1bd6e8a{l=/127.0.0.1:38858,r=/127.0.0.1:42938,OPEN,fill=-,flush=-,to=104/30000}{io=0/0,kio=0,kro=0}->HttpConnection@77276f3d[p=HttpParser{s=START,0 of -1},g=HttpGenerator@1fdf9a47{s=START}]=>HttpChannelOverHttp@33736c40{s=HttpChannelState@4531524{s=IDLE rs=BLOCKING os=OPEN is=IDLE awp=false se=false i=true al=0},r=0,c=false/false,a=IDLE,uri=null,age=0}
[DEBUG] onOpen HttpConnection@77276f3d::SocketChannelEndPoint@1bd6e8a{l=/127.0.0.1:38858,r=/127.0.0.1:42938,OPEN,fill=-,flush=-,to=105/30000}{io=0/0,kio=0,kro=0}->HttpConnection@77276f3d[p=HttpParser{s=START,0 of -1},g=HttpGenerator@1fdf9a47{s=START}]=>HttpChannelOverHttp@33736c40{s=HttpChannelState@4531524{s=IDLE rs=BLOCKING os=OPEN is=IDLE awp=false se=false i=true al=0},r=0,c=false/false,a=IDLE,uri=null,age=0}
[DEBUG] fillInterested HttpConnection@77276f3d::SocketChannelEndPoint@1bd6e8a{l=/127.0.0.1:38858,r=/127.0.0.1:42938,OPEN,fill=-,flush=-,to=105/30000}{io=0/0,kio=0,kro=0}->HttpConnection@77276f3d[p=HttpParser{s=START,0 of -1},g=HttpGenerator@1fdf9a47{s=START}]=>HttpChannelOverHttp@33736c40{s=HttpChannelState@4531524{s=IDLE rs=BLOCKING os=OPEN is=IDLE awp=false se=false i=true al=0},r=0,c=false/false,a=IDLE,uri=null,age=0}
[DEBUG] interested FillInterest@81c799d{AC.ReadCB@77276f3d{HttpConnection@77276f3d::SocketChannelEndPoint@1bd6e8a{l=/127.0.0.1:38858,r=/127.0.0.1:42938,OPEN,fill=FI,flush=-,to=0/30000}{io=0/0,kio=0,kro=0}->HttpConnection@77276f3d[p=HttpParser{s=START,0 of -1},g=HttpGenerator@1fdf9a47{s=START}]=>HttpChannelOverHttp@33736c40{s=HttpChannelState@4531524{s=IDLE rs=BLOCKING os=OPEN is=IDLE awp=false se=false i=true al=0},r=0,c=false/false,a=IDLE,uri=null,age=0}}}
[DEBUG] changeInterests p=false 0->1 for SocketChannelEndPoint@1bd6e8a{l=/127.0.0.1:38858,r=/127.0.0.1:42938,OPEN,fill=FI,flush=-,to=0/30000}{io=0/1,kio=0,kro=0}->HttpConnection@77276f3d[p=HttpParser{s=START,0 of -1},g=HttpGenerator@1fdf9a47{s=START}]=>HttpChannelOverHttp@33736c40{s=HttpChannelState@4531524{s=IDLE rs=BLOCKING os=OPEN is=IDLE awp=false se=false i=true al=0},r=0,c=false/false,a=IDLE,uri=null,age=0}
[DEBUG] Queued change lazy=false org.eclipse.jetty.io.ChannelEndPoint$$Lambda$475/1524159954@7df2461f on ManagedSelector@129b4fe2{STARTED} id=0 keys=1 selected=0 updates=1
[DEBUG] Wakeup on submit ManagedSelector@129b4fe2{STARTED} id=0 keys=1 selected=0 updates=2
[DEBUG] Selector sun.nio.ch.EPollSelectorImpl@54609eb7 woken with none selected
[DEBUG] Selector sun.nio.ch.EPollSelectorImpl@54609eb7 woken up from select, 0/0/1 selected
[DEBUG] Selector sun.nio.ch.EPollSelectorImpl@54609eb7 processing 0 keys, 2 updates
[DEBUG] updateable 2
[DEBUG] update org.eclipse.jetty.io.ManagedSelector$$Lambda$478/1161168292@46b23f6f
[DEBUG] update org.eclipse.jetty.io.ChannelEndPoint$$Lambda$475/1524159954@7df2461f
[DEBUG] Key interests updated 0 -> 1 on SocketChannelEndPoint@1bd6e8a{l=/127.0.0.1:38858,r=/127.0.0.1:42938,OPEN,fill=FI,flush=-,to=0/30000}{io=1/1,kio=1,kro=0}->HttpConnection@77276f3d[p=HttpParser{s=START,0 of -1},g=HttpGenerator@1fdf9a47{s=START}]=>HttpChannelOverHttp@33736c40{s=HttpChannelState@4531524{s=IDLE rs=BLOCKING os=OPEN is=IDLE awp=false se=false i=true al=0},r=0,c=false/false,a=IDLE,uri=null,age=0}
[DEBUG] updates 0
[DEBUG] Selector sun.nio.ch.EPollSelectorImpl@54609eb7 waiting with 1 keys
[DEBUG] Selector sun.nio.ch.EPollSelectorImpl@54609eb7 woken up from select, 1/1/1 selected
[DEBUG] Selector sun.nio.ch.EPollSelectorImpl@54609eb7 processing 1 keys, 0 updates
[DEBUG] selected 1 sun.nio.ch.SelectionKeyImpl@6080f61d SocketChannelEndPoint@1bd6e8a{l=/127.0.0.1:38858,r=/127.0.0.1:42938,OPEN,fill=FI,flush=-,to=1/30000}{io=1/1,kio=1,kro=1}->HttpConnection@77276f3d[p=HttpParser{s=START,0 of -1},g=HttpGenerator@1fdf9a47{s=START}]=>HttpChannelOverHttp@33736c40{s=HttpChannelState@4531524{s=IDLE rs=BLOCKING os=OPEN is=IDLE awp=false se=false i=true al=0},r=0,c=false/false,a=IDLE,uri=null,age=0} 
[DEBUG] onSelected 1->0 r=true w=false for SocketChannelEndPoint@1bd6e8a{l=/127.0.0.1:38858,r=/127.0.0.1:42938,OPEN,fill=FI,flush=-,to=1/30000}{io=1/0,kio=1,kro=1}->HttpConnection@77276f3d[p=HttpParser{s=START,0 of -1},g=HttpGenerator@1fdf9a47{s=START}]=>HttpChannelOverHttp@33736c40{s=HttpChannelState@4531524{s=IDLE rs=BLOCKING os=OPEN is=IDLE awp=false se=false i=true al=0},r=0,c=false/false,a=IDLE,uri=null,age=0}
[DEBUG] task CEP:SocketChannelEndPoint@1bd6e8a{l=/127.0.0.1:38858,r=/127.0.0.1:42938,OPEN,fill=FI,flush=-,to=1/30000}{io=1/0,kio=1,kro=1}->HttpConnection@77276f3d[p=HttpParser{s=START,0 of -1},g=HttpGenerator@1fdf9a47{s=START}]=>HttpChannelOverHttp@33736c40{s=HttpChannelState@4531524{s=IDLE rs=BLOCKING os=OPEN is=IDLE awp=false se=false i=true al=0},r=0,c=false/false,a=IDLE,uri=null,age=0}:runFillable:BLOCKING
[DEBUG] ReservedThreadExecutor@7ec3394b{s=0/1,p=0} tryExecute EatWhatYouKill@4febb875/SelectorProducer@cb191ca/PRODUCING/p=false/QueuedThreadPool[qtp487792155]@1d131e1b{STARTED,8<=8<=200,i=5,r=-1,q=0}[ReservedThreadExecutor@7ec3394b{s=0/1,p=0}][pc=0,pic=0,pec=0,epc=0]@2021-09-20T19:30:07.64Z
[DEBUG] ReservedThreadExecutor@7ec3394b{s=0/1,p=1} startReservedThread p=1
[DEBUG] run ReservedThreadExecutor@7ec3394b{s=0/1,p=1}@11c5705d in QueuedThreadPool[qtp487792155]@1d131e1b{STARTED,8<=8<=200,i=4,r=-1,q=0}[ReservedThreadExecutor@7ec3394b{s=0/1,p=1}]
[DEBUG] ReservedThreadExecutor@7ec3394b{s=1/1,p=1}@11c5705d started
[DEBUG] ReservedThreadExecutor@7ec3394b{s=1/1,p=0}@11c5705d waiting
[DEBUG] queue ReservedThreadExecutor@7ec3394b{s=1/1,p=0}@11c5705d startThread=0
[DEBUG] EatWhatYouKill@4febb875/SelectorProducer@cb191ca/PRODUCING/p=false/QueuedThreadPool[qtp487792155]@1d131e1b{STARTED,8<=8<=200,i=4,r=-1,q=0}[ReservedThreadExecutor@7ec3394b{s=1/1,p=0}][pc=0,pic=0,pec=0,epc=0]@2021-09-20T19:30:07.643Z m=PRODUCE_EXECUTE_CONSUME t=CEP:SocketChannelEndPoint@1bd6e8a{l=/127.0.0.1:38858,r=/127.0.0.1:42938,OPEN,fill=FI,flush=-,to=5/30000}{io=1/0,kio=1,kro=1}->HttpConnection@77276f3d[p=HttpParser{s=START,0 of -1},g=HttpGenerator@1fdf9a47{s=START}]=>HttpChannelOverHttp@33736c40{s=HttpChannelState@4531524{s=IDLE rs=BLOCKING os=OPEN is=IDLE awp=false se=false i=true al=0},r=0,c=false/false,a=IDLE,uri=null,age=0}:runFillable:BLOCKING/BLOCKING
[DEBUG] Created SocketChannelEndPoint@1bd6e8a{l=/127.0.0.1:38858,r=/127.0.0.1:42938,OPEN,fill=FI,flush=-,to=5/30000}{io=1/0,kio=1,kro=1}->HttpConnection@77276f3d[p=HttpParser{s=START,0 of -1},g=HttpGenerator@1fdf9a47{s=START}]=>HttpChannelOverHttp@33736c40{s=HttpChannelState@4531524{s=IDLE rs=BLOCKING os=OPEN is=IDLE awp=false se=false i=true al=0},r=0,c=false/false,a=IDLE,uri=null,age=0}
[DEBUG] ran Accept@615ea420[java.nio.channels.SocketChannel[connected local=/127.0.0.1:38858 remote=/127.0.0.1:42938]] in QueuedThreadPool[qtp487792155]@1d131e1b{STARTED,8<=8<=200,i=3,r=-1,q=0}[ReservedThreadExecutor@7ec3394b{s=1/1,p=0}]
[DEBUG] run CEP:SocketChannelEndPoint@1bd6e8a{l=/127.0.0.1:38858,r=/127.0.0.1:42938,OPEN,fill=FI,flush=-,to=5/30000}{io=1/0,kio=1,kro=1}->HttpConnection@77276f3d[p=HttpParser{s=START,0 of -1},g=HttpGenerator@1fdf9a47{s=START}]=>HttpChannelOverHttp@33736c40{s=HttpChannelState@4531524{s=IDLE rs=BLOCKING os=OPEN is=IDLE awp=false se=false i=true al=0},r=0,c=false/false,a=IDLE,uri=null,age=0}:runFillable:BLOCKING in QueuedThreadPool[qtp487792155]@1d131e1b{STARTED,8<=8<=200,i=4,r=-1,q=0}[ReservedThreadExecutor@7ec3394b{s=1/1,p=0}]
[DEBUG] queue CEP:SocketChannelEndPoint@1bd6e8a{l=/127.0.0.1:38858,r=/127.0.0.1:42938,OPEN,fill=FI,flush=-,to=5/30000}{io=1/0,kio=1,kro=1}->HttpConnection@77276f3d[p=HttpParser{s=START,0 of -1},g=HttpGenerator@1fdf9a47{s=START}]=>HttpChannelOverHttp@33736c40{s=HttpChannelState@4531524{s=IDLE rs=BLOCKING os=OPEN is=IDLE awp=false se=false i=true al=0},r=0,c=false/false,a=IDLE,uri=null,age=0}:runFillable:BLOCKING startThread=0
[DEBUG] updateable 0
[DEBUG] updates 0
[DEBUG] Key interests updated 1 -> 0 on SocketChannelEndPoint@1bd6e8a{l=/127.0.0.1:38858,r=/127.0.0.1:42938,OPEN,fill=FI,flush=-,to=6/30000}{io=0/0,kio=0,kro=1}->HttpConnection@77276f3d[p=HttpParser{s=START,0 of -1},g=HttpGenerator@1fdf9a47{s=START}]=>HttpChannelOverHttp@33736c40{s=HttpChannelState@4531524{s=IDLE rs=BLOCKING os=OPEN is=IDLE awp=false se=false i=true al=0},r=0,c=false/false,a=IDLE,uri=null,age=0}
[DEBUG] Selector sun.nio.ch.EPollSelectorImpl@54609eb7 waiting with 1 keys
[DEBUG] fillable FillInterest@81c799d{AC.ReadCB@77276f3d{HttpConnection@77276f3d::SocketChannelEndPoint@1bd6e8a{l=/127.0.0.1:38858,r=/127.0.0.1:42938,OPEN,fill=FI,flush=-,to=5/30000}{io=0/0,kio=0,kro=1}->HttpConnection@77276f3d[p=HttpParser{s=START,0 of -1},g=HttpGenerator@1fdf9a47{s=START}]=>HttpChannelOverHttp@33736c40{s=HttpChannelState@4531524{s=IDLE rs=BLOCKING os=OPEN is=IDLE awp=false se=false i=true al=0},r=0,c=false/false,a=IDLE,uri=null,age=0}}}
[DEBUG] HttpConnection@77276f3d::SocketChannelEndPoint@1bd6e8a{l=/127.0.0.1:38858,r=/127.0.0.1:42938,OPEN,fill=-,flush=-,to=8/30000}{io=0/0,kio=0,kro=1}->HttpConnection@77276f3d[p=HttpParser{s=START,0 of -1},g=HttpGenerator@1fdf9a47{s=START}]=>HttpChannelOverHttp@33736c40{s=HttpChannelState@4531524{s=IDLE rs=BLOCKING os=OPEN is=IDLE awp=false se=false i=true al=0},r=0,c=false/false,a=IDLE,uri=null,age=0} onFillable enter HttpChannelState@4531524{s=IDLE rs=BLOCKING os=OPEN is=IDLE awp=false se=false i=true al=0} null
[DEBUG] This JVM Runtime does not support Modules, disabling Jetty internal support
[DEBUG] filled 305 HeapByteBuffer@22b9b50d[p=0,l=305,c=8192,r=305]={<<<GET /CookieServlet?setCoo...nection: keep-alive\r\n\r\n>>>\x00\x00\x00\x00\x00\x00\x00\x00\x00...\x00\x00\x00\x00\x00\x00\x00}
[DEBUG] HttpConnection@77276f3d::SocketChannelEndPoint@1bd6e8a{l=/127.0.0.1:38858,r=/127.0.0.1:42938,OPEN,fill=-,flush=-,to=8/30000}{io=0/0,kio=0,kro=1}->HttpConnection@77276f3d[p=HttpParser{s=START,0 of -1},g=HttpGenerator@1fdf9a47{s=START}]=>HttpChannelOverHttp@33736c40{s=HttpChannelState@4531524{s=IDLE rs=BLOCKING os=OPEN is=IDLE awp=false se=false i=true al=0},r=0,c=false/false,a=IDLE,uri=null,age=0} filled 305 HeapByteBuffer@22b9b50d[p=0,l=305,c=8192,r=305]={<<<GET /CookieServlet?setCoo...nection: keep-alive\r\n\r\n>>>\x00\x00\x00\x00\x00\x00\x00\x00\x00...\x00\x00\x00\x00\x00\x00\x00}
[DEBUG] HttpConnection@77276f3d::SocketChannelEndPoint@1bd6e8a{l=/127.0.0.1:38858,r=/127.0.0.1:42938,OPEN,fill=-,flush=-,to=9/30000}{io=0/0,kio=0,kro=1}->HttpConnection@77276f3d[p=HttpParser{s=START,0 of -1},g=HttpGenerator@1fdf9a47{s=START}]=>HttpChannelOverHttp@33736c40{s=HttpChannelState@4531524{s=IDLE rs=BLOCKING os=OPEN is=IDLE awp=false se=false i=true al=0},r=0,c=false/false,a=IDLE,uri=null,age=0} parse HeapByteBuffer@22b9b50d[p=0,l=305,c=8192,r=305]={<<<GET /CookieServlet?setCoo...nection: keep-alive\r\n\r\n>>>\x00\x00\x00\x00\x00\x00\x00\x00\x00...\x00\x00\x00\x00\x00\x00\x00} {}
[DEBUG] parseNext s=START HeapByteBuffer@22b9b50d[p=0,l=305,c=8192,r=305]={<<<GET /CookieServlet?setCoo...nection: keep-alive\r\n\r\n>>>\x00\x00\x00\x00\x00\x00\x00\x00\x00...\x00\x00\x00\x00\x00\x00\x00}
[DEBUG] START --> SPACE1
[DEBUG] SPACE1 --> URI
[DEBUG] URI --> SPACE2
[DEBUG] SPACE2 --> REQUEST_VERSION
[DEBUG] REQUEST_VERSION --> HEADER
[DEBUG] HEADER:Accept-Encoding: gzip --> IN_VALUE
[DEBUG] HEADER:Accept-Encoding: gzip --> FIELD
[DEBUG] HEADER:User-Agent --> VALUE
[DEBUG] HEADER:User-Agent --> IN_VALUE
[DEBUG] HEADER:User-Agent --> FIELD
[DEBUG] HEADER:Host --> VALUE
[DEBUG] HEADER:Host --> IN_VALUE
[DEBUG] HEADER:Host --> FIELD
[DEBUG] HEADER:Accept --> VALUE
[DEBUG] HEADER:Accept --> IN_VALUE
[DEBUG] HEADER:Accept --> FIELD
[DEBUG] HEADER:Connection: keep-alive --> IN_VALUE
[DEBUG] HEADER:Connection: keep-alive --> FIELD
[DEBUG] HEADER --> CONTENT
[DEBUG] REQUEST for //localhost:38858/CookieServlet?setCookies=1 on HttpChannelOverHttp@33736c40{s=HttpChannelState@4531524{s=IDLE rs=BLOCKING os=OPEN is=IDLE awp=false se=false i=true al=0},r=1,c=false/false,a=IDLE,uri=//localhost:38858/CookieServlet?setCookies=1,age=0}
GET //localhost:38858/CookieServlet?setCookies=1 HTTP/1.1
Accept-Encoding: gzip
User-Agent: Mozilla/5.0 (Windows NT 10.0; Win64; x64) AppleWebKit/537.36 (KHTML, like Gecko) Chrome/79.0.3945.130 Safari/537.36
Host: localhost:38858
Accept: text/html, image/gif, image/jpeg, *; q=.2, */*; q=.2
Connection: keep-alive


[DEBUG] HttpConnection@77276f3d::SocketChannelEndPoint@1bd6e8a{l=/127.0.0.1:38858,r=/127.0.0.1:42938,OPEN,fill=-,flush=-,to=27/30000}{io=0/0,kio=0,kro=1}->HttpConnection@77276f3d[p=HttpParser{s=CONTENT,0 of -1},g=HttpGenerator@1fdf9a47{s=START}]=>HttpChannelOverHttp@33736c40{s=HttpChannelState@4531524{s=IDLE rs=BLOCKING os=OPEN is=IDLE awp=false se=false i=true al=0},r=1,c=false/false,a=IDLE,uri=//localhost:38858/CookieServlet?setCookies=1,age=4} parsed true HttpParser{s=CONTENT,0 of -1}
[DEBUG] releaseRequestBuffer HttpConnection@77276f3d::SocketChannelEndPoint@1bd6e8a{l=/127.0.0.1:38858,r=/127.0.0.1:42938,OPEN,fill=-,flush=-,to=27/30000}{io=0/0,kio=0,kro=1}->HttpConnection@77276f3d[p=HttpParser{s=CONTENT,0 of -1},g=HttpGenerator@1fdf9a47{s=START}]=>HttpChannelOverHttp@33736c40{s=HttpChannelState@4531524{s=IDLE rs=BLOCKING os=OPEN is=IDLE awp=false se=false i=true al=0},r=1,c=false/false,a=IDLE,uri=//localhost:38858/CookieServlet?setCookies=1,age=5}
[DEBUG] handle //localhost:38858/CookieServlet?setCookies=1 HttpChannelOverHttp@33736c40{s=HttpChannelState@4531524{s=IDLE rs=BLOCKING os=OPEN is=IDLE awp=false se=false i=true al=0},r=1,c=false/false,a=IDLE,uri=//localhost:38858/CookieServlet?setCookies=1,age=6} 
[DEBUG] handling HttpChannelState@4531524{s=IDLE rs=BLOCKING os=OPEN is=IDLE awp=false se=false i=true al=0}
[DEBUG] action DISPATCH HttpChannelOverHttp@33736c40{s=HttpChannelState@4531524{s=HANDLING rs=BLOCKING os=OPEN is=IDLE awp=false se=false i=true al=0},r=1,c=false/false,a=HANDLING,uri=//localhost:38858/CookieServlet?setCookies=1,age=7}
[DEBUG] REQUEST GET /CookieServlet on HttpChannelOverHttp@33736c40{s=HttpChannelState@4531524{s=HANDLING rs=BLOCKING os=OPEN is=IDLE awp=false se=false i=true al=0},r=1,c=false/false,a=HANDLING,uri=//localhost:38858/CookieServlet?setCookies=1,age=12}
[DEBUG] servlet null|/CookieServlet|null -> org.jsoup.integration.servlets.CookieServlet-d8305c2==org.jsoup.integration.servlets.CookieServlet@ca8db5d8{jsp=null,order=-1,inst=false,async=true,src=EMBEDDED:null,STARTED}
[DEBUG] chain=null
[DEBUG] Servlet.init null for org.jsoup.integration.servlets.CookieServlet-d8305c2
[DEBUG] write(array HeapByteBuffer@75210f51[p=0,l=7,c=512,r=7]={<<<<table>>>>\x00\x00\x00\x00\x00\x00\x00\x00\x00...\x00\x00\x00\x00\x00\x00\x00})
[DEBUG] write(array) s=OPEN,api=BLOCKING,sc=false,e=null aggregated !flush DirectByteBuffer@1667663f[p=0,l=7,c=32768,r=7]={<<<<table>>>>\x00\x00\x00\x00\x00\x00\x00\x00\x00...\x00\x00\x00\x00\x00\x00\x00}
[DEBUG] write(array HeapByteBuffer@6bc1b825[p=0,l=1,c=512,r=1]={<<<\n>>>table>\x00\x00\x00...\x00\x00\x00\x00\x00\x00\x00})
[DEBUG] write(array) s=OPEN,api=BLOCKING,sc=false,e=null aggregated !flush DirectByteBuffer@1667663f[p=0,l=8,c=32768,r=8]={<<<<table>\n>>>\x00\x00\x00\x00\x00\x00\x00\x00\x00...\x00\x00\x00\x00\x00\x00\x00}
[DEBUG] write(array HeapByteBuffer@7332053[p=0,l=8,c=512,r=8]={<<<</table>>>>\x00\x00\x00\x00\x00\x00\x00\x00\x00...\x00\x00\x00\x00\x00\x00\x00})
[DEBUG] write(array) s=OPEN,api=BLOCKING,sc=false,e=null aggregated !flush DirectByteBuffer@1667663f[p=0,l=16,c=32768,r=16]={<<<<table>\n</table>>>>\x00\x00\x00\x00\x00\x00\x00\x00\x00...\x00\x00\x00\x00\x00\x00\x00}
[DEBUG] write(array HeapByteBuffer@6a3420dc[p=0,l=1,c=512,r=1]={<<<\n>>>/table>\x00\x00...\x00\x00\x00\x00\x00\x00\x00})
[DEBUG] write(array) s=OPEN,api=BLOCKING,sc=false,e=null aggregated !flush DirectByteBuffer@1667663f[p=0,l=17,c=32768,r=17]={<<<<table>\n</table>\n>>>\x00\x00\x00\x00\x00\x00\x00\x00\x00...\x00\x00\x00\x00\x00\x00\x00}
[DEBUG] handled=true async=false committed=false on HttpChannelOverHttp@33736c40{s=HttpChannelState@4531524{s=HANDLING rs=BLOCKING os=OPEN is=IDLE awp=false se=false i=true al=0},r=1,c=false/false,a=HANDLING,uri=//localhost:38858/CookieServlet?setCookies=1,age=48}
[DEBUG] unhandle HttpChannelState@4531524{s=HANDLING rs=BLOCKING os=OPEN is=IDLE awp=false se=false i=true al=0}
[DEBUG] nextAction(false) COMPLETE HttpChannelState@4531524{s=HANDLING rs=COMPLETING os=OPEN is=IDLE awp=false se=false i=false al=0}
[DEBUG] action COMPLETE HttpChannelOverHttp@33736c40{s=HttpChannelState@4531524{s=HANDLING rs=COMPLETING os=OPEN is=IDLE awp=false se=false i=false al=0},r=1,c=false/false,a=HANDLING,uri=//localhost:38858/CookieServlet?setCookies=1,age=49}
[DEBUG] filled 0 HeapByteBuffer@22b9b50d[p=0,l=0,c=8192,r=0]={<<<>>>GET /Cook...\x00\x00\x00\x00\x00\x00\x00}
[DEBUG] filled 0 HeapByteBuffer@22b9b50d[p=0,l=0,c=8192,r=0]={<<<>>>GET /Cook...\x00\x00\x00\x00\x00\x00\x00}
[DEBUG] HttpConnection@77276f3d::SocketChannelEndPoint@1bd6e8a{l=/127.0.0.1:38858,r=/127.0.0.1:42938,OPEN,fill=-,flush=-,to=71/30000}{io=0/0,kio=0,kro=1}->HttpConnection@77276f3d[p=HttpParser{s=CONTENT,0 of -1},g=HttpGenerator@1fdf9a47{s=START}]=>HttpChannelOverHttp@33736c40{s=HttpChannelState@4531524{s=HANDLING rs=COMPLETING os=OPEN is=IDLE awp=false se=false i=false al=0},r=1,c=false/false,a=HANDLING,uri=//localhost:38858/CookieServlet?setCookies=1,age=49} filled 0 HeapByteBuffer@22b9b50d[p=0,l=0,c=8192,r=0]={<<<>>>GET /Cook...\x00\x00\x00\x00\x00\x00\x00}
[DEBUG] HttpConnection@77276f3d::SocketChannelEndPoint@1bd6e8a{l=/127.0.0.1:38858,r=/127.0.0.1:42938,OPEN,fill=-,flush=-,to=72/30000}{io=0/0,kio=0,kro=1}->HttpConnection@77276f3d[p=HttpParser{s=CONTENT,0 of -1},g=HttpGenerator@1fdf9a47{s=START}]=>HttpChannelOverHttp@33736c40{s=HttpChannelState@4531524{s=HANDLING rs=COMPLETING os=OPEN is=IDLE awp=false se=false i=false al=0},r=1,c=false/false,a=HANDLING,uri=//localhost:38858/CookieServlet?setCookies=1,age=49} parse HeapByteBuffer@22b9b50d[p=0,l=0,c=8192,r=0]={<<<>>>GET /Cook...\x00\x00\x00\x00\x00\x00\x00} {}
[DEBUG] parseNext s=CONTENT HeapByteBuffer@22b9b50d[p=0,l=0,c=8192,r=0]={<<<>>>GET /Cook...\x00\x00\x00\x00\x00\x00\x00}
[DEBUG] CONTENT --> CONTENT_END
[DEBUG] onContentComplete HttpChannelOverHttp@33736c40{s=HttpChannelState@4531524{s=HANDLING rs=COMPLETING os=OPEN is=IDLE awp=false se=false i=false al=0},r=1,c=false/false,a=HANDLING,uri=//localhost:38858/CookieServlet?setCookies=1,age=49}
[DEBUG] CONTENT_END --> END
[DEBUG] onRequestComplete HttpChannelOverHttp@33736c40{s=HttpChannelState@4531524{s=HANDLING rs=COMPLETING os=OPEN is=IDLE awp=false se=false i=false al=0},r=1,c=false/false,a=HANDLING,uri=//localhost:38858/CookieServlet?setCookies=1,age=50}
[DEBUG] HttpInputOverHTTP@474ff53b[c=0,q=0,[0]=null,s=STREAM] addContent EOF
[DEBUG] HttpConnection@77276f3d::SocketChannelEndPoint@1bd6e8a{l=/127.0.0.1:38858,r=/127.0.0.1:42938,OPEN,fill=-,flush=-,to=72/30000}{io=0/0,kio=0,kro=1}->HttpConnection@77276f3d[p=HttpParser{s=END,0 of -1},g=HttpGenerator@1fdf9a47{s=START}]=>HttpChannelOverHttp@33736c40{s=HttpChannelState@4531524{s=HANDLING rs=COMPLETING os=OPEN is=IDLE awp=false se=false i=false al=0},r=1,c=false/false,a=HANDLING,uri=//localhost:38858/CookieServlet?setCookies=1,age=50} parsed false HttpParser{s=END,0 of -1}
[DEBUG] releaseRequestBuffer HttpConnection@77276f3d::SocketChannelEndPoint@1bd6e8a{l=/127.0.0.1:38858,r=/127.0.0.1:42938,OPEN,fill=-,flush=-,to=72/30000}{io=0/0,kio=0,kro=1}->HttpConnection@77276f3d[p=HttpParser{s=END,0 of -1},g=HttpGenerator@1fdf9a47{s=START}]=>HttpChannelOverHttp@33736c40{s=HttpChannelState@4531524{s=HANDLING rs=COMPLETING os=OPEN is=IDLE awp=false se=false i=false al=0},r=1,c=false/false,a=HANDLING,uri=//localhost:38858/CookieServlet?setCookies=1,age=50}
[DEBUG] complete(org.eclipse.jetty.util.Callback$3@2e82f13a) s=CLOSING,api=BLOCKED,sc=false,e=null s=false e=null, c=DirectByteBuffer@1667663f[p=0,l=17,c=32768,r=17]={<<<<table>\n</table>\n>>>\x00\x00\x00\x00\x00\x00\x00\x00\x00...\x00\x00\x00\x00\x00\x00\x00}
[DEBUG] sendResponse info=null content=DirectByteBuffer@1667663f[p=0,l=17,c=32768,r=17]={<<<<table>\n</table>\n>>>\x00\x00\x00\x00\x00\x00\x00\x00\x00...\x00\x00\x00\x00\x00\x00\x00} complete=true committing=true callback=org.eclipse.jetty.server.HttpOutput$WriteCompleteCB@82cf746
[DEBUG] COMMIT for /CookieServlet on HttpChannelOverHttp@33736c40{s=HttpChannelState@4531524{s=HANDLING rs=COMPLETING os=COMMITTED is=IDLE awp=false se=false i=false al=0},r=1,c=false/false,a=HANDLING,uri=//localhost:38858/CookieServlet?setCookies=1,age=52}
200 null HTTP/1.1
Date: Mon, 20 Sep 2021 19:30:07 GMT
Set-Cookie: One=Root; Path=/
Expires: Thu, 01 Jan 1970 00:00:00 GMT
Set-Cookie: One=CookieServlet; Path=/CookieServlet; HttpOnly
Set-Cookie: One=EchoServlet; Path=/EchoServlet
Content-Type: text/html;charset=utf-8


[DEBUG] generate: NEED_HEADER for SendCallback@260c015[PROCESSING][i=HTTP/1.1{s=200,h=6,cl=-1},cb=org.eclipse.jetty.server.HttpChannel$SendCallback@28ab975f] (null,[p=0,l=17,c=32768,r=17],true)@START
[DEBUG] generateHeaders HTTP/1.1{s=200,h=6,cl=-1} last=true content=DirectByteBuffer@1667663f[p=0,l=17,c=32768,r=17]={<<<<table>\n</table>\n>>>\x00\x00\x00\x00\x00\x00\x00\x00\x00...\x00\x00\x00\x00\x00\x00\x00}
[DEBUG] Date: Mon, 20 Sep 2021 19:30:07 GMT
Set-Cookie: One=Root; Path=/
Expires: Thu, 01 Jan 1970 00:00:00 GMT
Set-Cookie: One=CookieServlet; Path=/CookieServlet; HttpOnly
Set-Cookie: One=EchoServlet; Path=/EchoServlet
Content-Type: text/html;charset=utf-8


[DEBUG] CONTENT_LENGTH
[DEBUG] generate: FLUSH for SendCallback@260c015[PROCESSING][i=HTTP/1.1{s=200,h=6,cl=-1},cb=org.eclipse.jetty.server.HttpChannel$SendCallback@28ab975f] ([p=0,l=328,c=8192,r=328],[p=0,l=17,c=32768,r=17],true)@COMPLETING
[DEBUG] write: WriteFlusher@d5b1c05{IDLE}->null [HeapByteBuffer@22b9b50d[p=0,l=328,c=8192,r=328]={<<<HTTP/1.1 200 OK\r\nDate: Mo...y(9.4.43.v20210629)\r\n\r\n>>>\x00\x00\x00\x00\x00\x00\x00\x00\x00...\x00\x00\x00\x00\x00\x00\x00},DirectByteBuffer@1667663f[p=0,l=17,c=32768,r=17]={<<<<table>\n</table>\n>>>\x00\x00\x00\x00\x00\x00\x00\x00\x00...\x00\x00\x00\x00\x00\x00\x00}]
[DEBUG] update WriteFlusher@d5b1c05{WRITING}->null:IDLE-->WRITING
[DEBUG] flushed 345 SocketChannelEndPoint@1bd6e8a{l=/127.0.0.1:38858,r=/127.0.0.1:42938,OPEN,fill=-,flush=W,to=89/30000}{io=0/0,kio=0,kro=1}->HttpConnection@77276f3d[p=HttpParser{s=END,0 of -1},g=HttpGenerator@1fdf9a47{s=COMPLETING}]=>HttpChannelOverHttp@33736c40{s=HttpChannelState@4531524{s=HANDLING rs=COMPLETING os=COMMITTED is=IDLE awp=false se=false i=false al=0},r=1,c=false/false,a=HANDLING,uri=//localhost:38858/CookieServlet?setCookies=1,age=67}
[DEBUG] Flushed=true written=345 remaining=0 WriteFlusher@d5b1c05{WRITING}->null
[DEBUG] update WriteFlusher@d5b1c05{IDLE}->null:WRITING-->IDLE
[DEBUG] generate: DONE for SendCallback@260c015[PROCESSING][i=HTTP/1.1{s=200,h=6,cl=-1},cb=org.eclipse.jetty.server.HttpChannel$SendCallback@28ab975f] ([p=328,l=328,c=8192,r=0],[p=17,l=17,c=32768,r=0],true)@END
[DEBUG] onWriteComplete(true,null) s=CLOSING,api=BLOCKED,sc=false,e=null->s=CLOSED,api=BLOCKING,sc=false,e=null c=null cb=org.eclipse.jetty.util.Callback$3@2e82f13a w=false
[DEBUG] completed HttpChannelState@4531524{s=HANDLING rs=COMPLETING os=COMPLETED is=IDLE awp=false se=false i=false al=0}
[DEBUG] unhandle HttpChannelState@4531524{s=HANDLING rs=COMPLETED os=COMPLETED is=IDLE awp=false se=false i=false al=0}
[DEBUG] nextAction(false) TERMINATED HttpChannelState@4531524{s=IDLE rs=COMPLETED os=COMPLETED is=IDLE awp=false se=false i=false al=0}
[DEBUG] action TERMINATED HttpChannelOverHttp@33736c40{s=HttpChannelState@4531524{s=IDLE rs=COMPLETED os=COMPLETED is=IDLE awp=false se=false i=false al=0},r=1,c=true/true,a=IDLE,uri=//localhost:38858/CookieServlet?setCookies=1,age=75}
[DEBUG] onCompleted for /CookieServlet written=17
[DEBUG] recycle HttpChannelState@4531524{s=IDLE rs=COMPLETED os=COMPLETED is=IDLE awp=false se=false i=false al=0}
[DEBUG] reset HttpParser{s=END,0 of -1}
[DEBUG] END --> START
[DEBUG] !handle TERMINATED HttpChannelOverHttp@33736c40{s=HttpChannelState@4531524{s=IDLE rs=BLOCKING os=OPEN is=IDLE awp=false se=false i=true al=0},r=1,c=false/false,a=IDLE,uri=null,age=0}
[DEBUG] filled 0 HeapByteBuffer@22b9b50d[p=0,l=0,c=8192,r=0]={<<<>>>HTTP/1.1 ...\x00\x00\x00\x00\x00\x00\x00}
[DEBUG] filled 0 HeapByteBuffer@22b9b50d[p=0,l=0,c=8192,r=0]={<<<>>>HTTP/1.1 ...\x00\x00\x00\x00\x00\x00\x00}
[DEBUG] HttpConnection@77276f3d::SocketChannelEndPoint@1bd6e8a{l=/127.0.0.1:38858,r=/127.0.0.1:42938,OPEN,fill=-,flush=-,to=9/30000}{io=0/0,kio=0,kro=1}->HttpConnection@77276f3d[p=HttpParser{s=START,0 of -1},g=HttpGenerator@1fdf9a47{s=START}]=>HttpChannelOverHttp@33736c40{s=HttpChannelState@4531524{s=IDLE rs=BLOCKING os=OPEN is=IDLE awp=false se=false i=true al=0},r=1,c=false/false,a=IDLE,uri=null,age=0} filled 0 HeapByteBuffer@22b9b50d[p=0,l=0,c=8192,r=0]={<<<>>>HTTP/1.1 ...\x00\x00\x00\x00\x00\x00\x00}
[DEBUG] HttpConnection@77276f3d::SocketChannelEndPoint@1bd6e8a{l=/127.0.0.1:38858,r=/127.0.0.1:42938,OPEN,fill=-,flush=-,to=9/30000}{io=0/0,kio=0,kro=1}->HttpConnection@77276f3d[p=HttpParser{s=START,0 of -1},g=HttpGenerator@1fdf9a47{s=START}]=>HttpChannelOverHttp@33736c40{s=HttpChannelState@4531524{s=IDLE rs=BLOCKING os=OPEN is=IDLE awp=false se=false i=true al=0},r=1,c=false/false,a=IDLE,uri=null,age=0} parse HeapByteBuffer@22b9b50d[p=0,l=0,c=8192,r=0]={<<<>>>HTTP/1.1 ...\x00\x00\x00\x00\x00\x00\x00} {}
[DEBUG] parseNext s=START HeapByteBuffer@22b9b50d[p=0,l=0,c=8192,r=0]={<<<>>>HTTP/1.1 ...\x00\x00\x00\x00\x00\x00\x00}
[DEBUG] HttpConnection@77276f3d::SocketChannelEndPoint@1bd6e8a{l=/127.0.0.1:38858,r=/127.0.0.1:42938,OPEN,fill=-,flush=-,to=10/30000}{io=0/0,kio=0,kro=1}->HttpConnection@77276f3d[p=HttpParser{s=START,0 of -1},g=HttpGenerator@1fdf9a47{s=START}]=>HttpChannelOverHttp@33736c40{s=HttpChannelState@4531524{s=IDLE rs=BLOCKING os=OPEN is=IDLE awp=false se=false i=true al=0},r=1,c=false/false,a=IDLE,uri=null,age=0} parsed false HttpParser{s=START,0 of -1}
[DEBUG] releaseRequestBuffer HttpConnection@77276f3d::SocketChannelEndPoint@1bd6e8a{l=/127.0.0.1:38858,r=/127.0.0.1:42938,OPEN,fill=-,flush=-,to=10/30000}{io=0/0,kio=0,kro=1}->HttpConnection@77276f3d[p=HttpParser{s=START,0 of -1},g=HttpGenerator@1fdf9a47{s=START}]=>HttpChannelOverHttp@33736c40{s=HttpChannelState@4531524{s=IDLE rs=BLOCKING os=OPEN is=IDLE awp=false se=false i=true al=0},r=1,c=false/false,a=IDLE,uri=null,age=0}
[DEBUG] fillInterested HttpConnection@77276f3d::SocketChannelEndPoint@1bd6e8a{l=/127.0.0.1:38858,r=/127.0.0.1:42938,OPEN,fill=-,flush=-,to=10/30000}{io=0/0,kio=0,kro=1}->HttpConnection@77276f3d[p=HttpParser{s=START,0 of -1},g=HttpGenerator@1fdf9a47{s=START}]=>HttpChannelOverHttp@33736c40{s=HttpChannelState@4531524{s=IDLE rs=BLOCKING os=OPEN is=IDLE awp=false se=false i=true al=0},r=1,c=false/false,a=IDLE,uri=null,age=0}
[DEBUG] interested FillInterest@81c799d{AC.ReadCB@77276f3d{HttpConnection@77276f3d::SocketChannelEndPoint@1bd6e8a{l=/127.0.0.1:38858,r=/127.0.0.1:42938,OPEN,fill=FI,flush=-,to=0/30000}{io=0/0,kio=0,kro=1}->HttpConnection@77276f3d[p=HttpParser{s=START,0 of -1},g=HttpGenerator@1fdf9a47{s=START}]=>HttpChannelOverHttp@33736c40{s=HttpChannelState@4531524{s=IDLE rs=BLOCKING os=OPEN is=IDLE awp=false se=false i=true al=0},r=1,c=false/false,a=IDLE,uri=null,age=0}}}
[DEBUG] changeInterests p=false 0->1 for SocketChannelEndPoint@1bd6e8a{l=/127.0.0.1:38858,r=/127.0.0.1:42938,OPEN,fill=FI,flush=-,to=0/30000}{io=0/1,kio=0,kro=1}->HttpConnection@77276f3d[p=HttpParser{s=START,0 of -1},g=HttpGenerator@1fdf9a47{s=START}]=>HttpChannelOverHttp@33736c40{s=HttpChannelState@4531524{s=IDLE rs=BLOCKING os=OPEN is=IDLE awp=false se=false i=true al=0},r=1,c=false/false,a=IDLE,uri=null,age=0}
[DEBUG] Queued change lazy=false org.eclipse.jetty.io.ChannelEndPoint$$Lambda$475/1524159954@7df2461f on ManagedSelector@129b4fe2{STARTED} id=0 keys=1 selected=0 updates=0
[DEBUG] Wakeup on submit ManagedSelector@129b4fe2{STARTED} id=0 keys=1 selected=0 updates=1
[DEBUG] starting org.jsoup.integration.servlets.FileServlet-3fffff43==org.jsoup.integration.servlets.FileServlet@bc0855c5{jsp=null,order=-1,inst=false,async=true,src=EMBEDDED:null,STOPPED}
[DEBUG] STARTED @8847ms org.jsoup.integration.servlets.FileServlet-3fffff43==org.jsoup.integration.servlets.FileServlet@bc0855c5{jsp=null,order=-1,inst=false,async=true,src=EMBEDDED:null,STARTED}
[DEBUG] ServletHandler@73dce0e6{STARTED} added {org.jsoup.integration.servlets.FileServlet-3fffff43==org.jsoup.integration.servlets.FileServlet@bc0855c5{jsp=null,order=-1,inst=false,async=true,src=EMBEDDED:null,STARTED},UNMANAGED}
[DEBUG] ServletHandler@73dce0e6{STARTED} added {[/FileServlet/*]=>org.jsoup.integration.servlets.FileServlet-3fffff43,POJO}
[DEBUG] Path=/EchoServlet/*[EMBEDDED:null] mapped to servlet=org.jsoup.integration.servlets.EchoServlet-422c3c7a[EMBEDDED:null]
[DEBUG] Added MappedResource[pathSpec=ServletPathSpec@8f86de6b{/EchoServlet/*},resource=org.jsoup.integration.servlets.EchoServlet-422c3c7a==org.jsoup.integration.servlets.EchoServlet@66e2fba5{jsp=null,order=-1,inst=false,async=true,src=EMBEDDED:null,STARTED}] to PathMappings[size=1]
[DEBUG] Path=/FileServlet/*[EMBEDDED:null] mapped to servlet=org.jsoup.integration.servlets.FileServlet-3fffff43[EMBEDDED:null]
[DEBUG] Added MappedResource[pathSpec=ServletPathSpec@74e824f4{/FileServlet/*},resource=org.jsoup.integration.servlets.FileServlet-3fffff43==org.jsoup.integration.servlets.FileServlet@bc0855c5{jsp=null,order=-1,inst=false,async=true,src=EMBEDDED:null,STARTED}] to PathMappings[size=2]
[DEBUG] Path=/CookieServlet/*[EMBEDDED:null] mapped to servlet=org.jsoup.integration.servlets.CookieServlet-d8305c2[EMBEDDED:null]
[DEBUG] Added MappedResource[pathSpec=ServletPathSpec@5e4054cc{/CookieServlet/*},resource=org.jsoup.integration.servlets.CookieServlet-d8305c2==org.jsoup.integration.servlets.CookieServlet@ca8db5d8{jsp=null,order=-1,inst=true,async=true,src=EMBEDDED:null,STARTED}] to PathMappings[size=3]
[DEBUG] Path=/[EMBEDDED:null] mapped to servlet=org.eclipse.jetty.servlet.ServletHandler$Default404Servlet-6035b93b[EMBEDDED:null]
[DEBUG] Added MappedResource[pathSpec=ServletPathSpec@4e{/},resource=org.eclipse.jetty.servlet.ServletHandler$Default404Servlet-6035b93b==org.eclipse.jetty.servlet.ServletHandler$Default404Servlet@8bf2cb16{jsp=null,order=-1,inst=false,async=true,src=EMBEDDED:null,STARTED}] to PathMappings[size=4]
[DEBUG] filterNameMap={}
[DEBUG] pathFilters=null
[DEBUG] servletFilterMap=null
[DEBUG] servletPathMap=PathMappings[size=4]
[DEBUG] servletNameMap={org.eclipse.jetty.servlet.ServletHandler$Default404Servlet-6035b93b=org.eclipse.jetty.servlet.ServletHandler$Default404Servlet-6035b93b==org.eclipse.jetty.servlet.ServletHandler$Default404Servlet@8bf2cb16{jsp=null,order=-1,inst=false,async=true,src=EMBEDDED:null,STARTED}, org.jsoup.integration.servlets.CookieServlet-d8305c2=org.jsoup.integration.servlets.CookieServlet-d8305c2==org.jsoup.integration.servlets.CookieServlet@ca8db5d8{jsp=null,order=-1,inst=true,async=true,src=EMBEDDED:null,STARTED}, org.jsoup.integration.servlets.EchoServlet-422c3c7a=org.jsoup.integration.servlets.EchoServlet-422c3c7a==org.jsoup.integration.servlets.EchoServlet@66e2fba5{jsp=null,order=-1,inst=false,async=true,src=EMBEDDED:null,STARTED}, org.jsoup.integration.servlets.FileServlet-3fffff43=org.jsoup.integration.servlets.FileServlet-3fffff43==org.jsoup.integration.servlets.FileServlet@bc0855c5{jsp=null,order=-1,inst=false,async=true,src=EMBEDDED:null,STARTED}}
[DEBUG] Selector sun.nio.ch.EPollSelectorImpl@54609eb7 woken with none selected
[DEBUG] Selector sun.nio.ch.EPollSelectorImpl@54609eb7 woken up from select, 0/0/1 selected
[DEBUG] Selector sun.nio.ch.EPollSelectorImpl@54609eb7 processing 0 keys, 1 updates
[DEBUG] updateable 1
[DEBUG] update org.eclipse.jetty.io.ChannelEndPoint$$Lambda$475/1524159954@7df2461f
[DEBUG] Key interests updated 0 -> 1 on SocketChannelEndPoint@1bd6e8a{l=/127.0.0.1:38858,r=/127.0.0.1:42938,OPEN,fill=FI,flush=-,to=13/30000}{io=1/1,kio=1,kro=1}->HttpConnection@77276f3d[p=HttpParser{s=START,0 of -1},g=HttpGenerator@1fdf9a47{s=START}]=>HttpChannelOverHttp@33736c40{s=HttpChannelState@4531524{s=IDLE rs=BLOCKING os=OPEN is=IDLE awp=false se=false i=true al=0},r=1,c=false/false,a=IDLE,uri=null,age=0}
[DEBUG] updates 0
[DEBUG] Selector sun.nio.ch.EPollSelectorImpl@54609eb7 waiting with 1 keys
[DEBUG] Selector sun.nio.ch.EPollSelectorImpl@54609eb7 woken up from select, 1/1/1 selected
[DEBUG] Selector sun.nio.ch.EPollSelectorImpl@54609eb7 processing 1 keys, 0 updates
[DEBUG] selected 1 sun.nio.ch.SelectionKeyImpl@6080f61d SocketChannelEndPoint@1bd6e8a{l=/127.0.0.1:38858,r=/127.0.0.1:42938,OPEN,fill=FI,flush=-,to=13/30000}{io=1/1,kio=1,kro=1}->HttpConnection@77276f3d[p=HttpParser{s=START,0 of -1},g=HttpGenerator@1fdf9a47{s=START}]=>HttpChannelOverHttp@33736c40{s=HttpChannelState@4531524{s=IDLE rs=BLOCKING os=OPEN is=IDLE awp=false se=false i=true al=0},r=1,c=false/false,a=IDLE,uri=null,age=0} 
[DEBUG] onSelected 1->0 r=true w=false for SocketChannelEndPoint@1bd6e8a{l=/127.0.0.1:38858,r=/127.0.0.1:42938,OPEN,fill=FI,flush=-,to=13/30000}{io=1/0,kio=1,kro=1}->HttpConnection@77276f3d[p=HttpParser{s=START,0 of -1},g=HttpGenerator@1fdf9a47{s=START}]=>HttpChannelOverHttp@33736c40{s=HttpChannelState@4531524{s=IDLE rs=BLOCKING os=OPEN is=IDLE awp=false se=false i=true al=0},r=1,c=false/false,a=IDLE,uri=null,age=0}
[DEBUG] task CEP:SocketChannelEndPoint@1bd6e8a{l=/127.0.0.1:38858,r=/127.0.0.1:42938,OPEN,fill=FI,flush=-,to=14/30000}{io=1/0,kio=1,kro=1}->HttpConnection@77276f3d[p=HttpParser{s=START,0 of -1},g=HttpGenerator@1fdf9a47{s=START}]=>HttpChannelOverHttp@33736c40{s=HttpChannelState@4531524{s=IDLE rs=BLOCKING os=OPEN is=IDLE awp=false se=false i=true al=0},r=1,c=false/false,a=IDLE,uri=null,age=0}:runFillable:BLOCKING
[DEBUG] ReservedThreadExecutor@7ec3394b{s=1/1,p=0} tryExecute EatWhatYouKill@4febb875/SelectorProducer@cb191ca/PRODUCING/p=false/QueuedThreadPool[qtp487792155]@1d131e1b{STARTED,8<=8<=200,i=4,r=-1,q=0}[ReservedThreadExecutor@7ec3394b{s=1/1,p=0}][pc=0,pic=0,pec=1,epc=0]@2021-09-20T19:30:07.764Z
[DEBUG] ReservedThreadExecutor@7ec3394b{s=0/1,p=0}@11c5705d offer EatWhatYouKill@4febb875/SelectorProducer@cb191ca/PRODUCING/p=false/QueuedThreadPool[qtp487792155]@1d131e1b{STARTED,8<=8<=200,i=4,r=-1,q=0}[ReservedThreadExecutor@7ec3394b{s=0/1,p=0}][pc=0,pic=0,pec=1,epc=0]@2021-09-20T19:30:07.764Z
[DEBUG] ReservedThreadExecutor@7ec3394b{s=0/1,p=1} startReservedThread p=1
[DEBUG] run ReservedThreadExecutor@7ec3394b{s=0/1,p=1}@725b6828 in QueuedThreadPool[qtp487792155]@1d131e1b{STARTED,8<=8<=200,i=3,r=-1,q=0}[ReservedThreadExecutor@7ec3394b{s=0/1,p=1}]
[DEBUG] ReservedThreadExecutor@7ec3394b{s=1/1,p=1}@725b6828 started
[DEBUG] ReservedThreadExecutor@7ec3394b{s=1/1,p=0}@725b6828 waiting
[DEBUG] queue ReservedThreadExecutor@7ec3394b{s=1/1,p=0}@725b6828 startThread=0
[DEBUG] ReservedThreadExecutor@7ec3394b{s=0/1,p=0}@11c5705d task=EatWhatYouKill@4febb875/SelectorProducer@cb191ca/IDLE/p=true/QueuedThreadPool[qtp487792155]@1d131e1b{STARTED,8<=8<=200,i=3,r=-1,q=0}[ReservedThreadExecutor@7ec3394b{s=1/1,p=0}][pc=0,pic=0,pec=1,epc=0]@2021-09-20T19:30:07.779Z
[DEBUG] EatWhatYouKill@4febb875/SelectorProducer@cb191ca/IDLE/p=true/QueuedThreadPool[qtp487792155]@1d131e1b{STARTED,8<=8<=200,i=3,r=-1,q=0}[ReservedThreadExecutor@7ec3394b{s=1/1,p=0}][pc=0,pic=0,pec=1,epc=0]@2021-09-20T19:30:07.779Z tryProduce true
[DEBUG] updateable 0
[DEBUG] updates 0
[DEBUG] Key interests updated 1 -> 0 on SocketChannelEndPoint@1bd6e8a{l=/127.0.0.1:38858,r=/127.0.0.1:42938,OPEN,fill=FI,flush=-,to=36/30000}{io=0/0,kio=0,kro=1}->HttpConnection@77276f3d[p=HttpParser{s=START,0 of -1},g=HttpGenerator@1fdf9a47{s=START}]=>HttpChannelOverHttp@33736c40{s=HttpChannelState@4531524{s=IDLE rs=BLOCKING os=OPEN is=IDLE awp=false se=false i=true al=0},r=1,c=false/false,a=IDLE,uri=null,age=0}
[DEBUG] Selector sun.nio.ch.EPollSelectorImpl@54609eb7 waiting with 1 keys
[DEBUG] EatWhatYouKill@4febb875/SelectorProducer@cb191ca/PRODUCING/p=false/QueuedThreadPool[qtp487792155]@1d131e1b{STARTED,8<=8<=200,i=3,r=-1,q=0}[ReservedThreadExecutor@7ec3394b{s=1/1,p=0}][pc=0,pic=0,pec=1,epc=0]@2021-09-20T19:30:07.787Z m=EXECUTE_PRODUCE_CONSUME t=CEP:SocketChannelEndPoint@1bd6e8a{l=/127.0.0.1:38858,r=/127.0.0.1:42938,OPEN,fill=FI,flush=-,to=37/30000}{io=0/0,kio=0,kro=1}->HttpConnection@77276f3d[p=HttpParser{s=START,0 of -1},g=HttpGenerator@1fdf9a47{s=START}]=>HttpChannelOverHttp@33736c40{s=HttpChannelState@4531524{s=IDLE rs=BLOCKING os=OPEN is=IDLE awp=false se=false i=true al=0},r=1,c=false/false,a=IDLE,uri=null,age=0}:runFillable:BLOCKING/BLOCKING
[DEBUG] fillable FillInterest@81c799d{AC.ReadCB@77276f3d{HttpConnection@77276f3d::SocketChannelEndPoint@1bd6e8a{l=/127.0.0.1:38858,r=/127.0.0.1:42938,OPEN,fill=FI,flush=-,to=37/30000}{io=0/0,kio=0,kro=1}->HttpConnection@77276f3d[p=HttpParser{s=START,0 of -1},g=HttpGenerator@1fdf9a47{s=START}]=>HttpChannelOverHttp@33736c40{s=HttpChannelState@4531524{s=IDLE rs=BLOCKING os=OPEN is=IDLE awp=false se=false i=true al=0},r=1,c=false/false,a=IDLE,uri=null,age=0}}}
[DEBUG] HttpConnection@77276f3d::SocketChannelEndPoint@1bd6e8a{l=/127.0.0.1:38858,r=/127.0.0.1:42938,OPEN,fill=-,flush=-,to=37/30000}{io=0/0,kio=0,kro=1}->HttpConnection@77276f3d[p=HttpParser{s=START,0 of -1},g=HttpGenerator@1fdf9a47{s=START}]=>HttpChannelOverHttp@33736c40{s=HttpChannelState@4531524{s=IDLE rs=BLOCKING os=OPEN is=IDLE awp=false se=false i=true al=0},r=1,c=false/false,a=IDLE,uri=null,age=0} onFillable enter HttpChannelState@4531524{s=IDLE rs=BLOCKING os=OPEN is=IDLE awp=false se=false i=true al=0} null
[DEBUG] filled 335 HeapByteBuffer@22b9b50d[p=0,l=335,c=8192,r=335]={<<<GET /FileServlet/htmltest...nection: keep-alive\r\n\r\n>>>\x00\x00\x00\x00\x00\x00\x00\x00\x00...\x00\x00\x00\x00\x00\x00\x00}
[DEBUG] HttpConnection@77276f3d::SocketChannelEndPoint@1bd6e8a{l=/127.0.0.1:38858,r=/127.0.0.1:42938,OPEN,fill=-,flush=-,to=0/30000}{io=0/0,kio=0,kro=1}->HttpConnection@77276f3d[p=HttpParser{s=START,0 of -1},g=HttpGenerator@1fdf9a47{s=START}]=>HttpChannelOverHttp@33736c40{s=HttpChannelState@4531524{s=IDLE rs=BLOCKING os=OPEN is=IDLE awp=false se=false i=true al=0},r=1,c=false/false,a=IDLE,uri=null,age=0} filled 335 HeapByteBuffer@22b9b50d[p=0,l=335,c=8192,r=335]={<<<GET /FileServlet/htmltest...nection: keep-alive\r\n\r\n>>>\x00\x00\x00\x00\x00\x00\x00\x00\x00...\x00\x00\x00\x00\x00\x00\x00}
[DEBUG] HttpConnection@77276f3d::SocketChannelEndPoint@1bd6e8a{l=/127.0.0.1:38858,r=/127.0.0.1:42938,OPEN,fill=-,flush=-,to=0/30000}{io=0/0,kio=0,kro=1}->HttpConnection@77276f3d[p=HttpParser{s=START,0 of -1},g=HttpGenerator@1fdf9a47{s=START}]=>HttpChannelOverHttp@33736c40{s=HttpChannelState@4531524{s=IDLE rs=BLOCKING os=OPEN is=IDLE awp=false se=false i=true al=0},r=1,c=false/false,a=IDLE,uri=null,age=0} parse HeapByteBuffer@22b9b50d[p=0,l=335,c=8192,r=335]={<<<GET /FileServlet/htmltest...nection: keep-alive\r\n\r\n>>>\x00\x00\x00\x00\x00\x00\x00\x00\x00...\x00\x00\x00\x00\x00\x00\x00} {}
[DEBUG] parseNext s=START HeapByteBuffer@22b9b50d[p=0,l=335,c=8192,r=335]={<<<GET /FileServlet/htmltest...nection: keep-alive\r\n\r\n>>>\x00\x00\x00\x00\x00\x00\x00\x00\x00...\x00\x00\x00\x00\x00\x00\x00}
[DEBUG] START --> SPACE1
[DEBUG] SPACE1 --> URI
[DEBUG] URI --> SPACE2
[DEBUG] SPACE2 --> REQUEST_VERSION
[DEBUG] REQUEST_VERSION --> HEADER
[DEBUG] HEADER:Cookie --> VALUE
[DEBUG] HEADER:Cookie --> IN_VALUE
[DEBUG] HEADER:Cookie --> FIELD
[DEBUG] HEADER:Accept-Encoding: gzip --> IN_VALUE
[DEBUG] HEADER:Accept-Encoding: gzip --> FIELD
[DEBUG] HEADER:User-Agent: Mozilla/5.0 (Windows NT 10.0; Win64; x64) AppleWebKit/537.36 (KHTML, like Gecko) Chrome/79.0.3945.130 Safari/537.36 --> IN_VALUE
[DEBUG] HEADER:User-Agent: Mozilla/5.0 (Windows NT 10.0; Win64; x64) AppleWebKit/537.36 (KHTML, like Gecko) Chrome/79.0.3945.130 Safari/537.36 --> FIELD
[DEBUG] HEADER:Host: localhost:38858 --> IN_VALUE
[DEBUG] HEADER:Host: localhost:38858 --> FIELD
[DEBUG] HEADER:Accept: text/html, image/gif, image/jpeg, *; q=.2, */*; q=.2 --> IN_VALUE
[DEBUG] HEADER:Accept: text/html, image/gif, image/jpeg, *; q=.2, */*; q=.2 --> FIELD
[DEBUG] HEADER:Connection: keep-alive --> IN_VALUE
[DEBUG] HEADER:Connection: keep-alive --> FIELD
[DEBUG] HEADER --> CONTENT
[DEBUG] REQUEST for //localhost:38858/FileServlet/htmltests/upload-form.html on HttpChannelOverHttp@33736c40{s=HttpChannelState@4531524{s=IDLE rs=BLOCKING os=OPEN is=IDLE awp=false se=false i=true al=0},r=2,c=false/false,a=IDLE,uri=//localhost:38858/FileServlet/htmltests/upload-form.html,age=0}
GET //localhost:38858/FileServlet/htmltests/upload-form.html HTTP/1.1
Cookie: One=Root
Accept-Encoding: gzip
User-Agent: Mozilla/5.0 (Windows NT 10.0; Win64; x64) AppleWebKit/537.36 (KHTML, like Gecko) Chrome/79.0.3945.130 Safari/537.36
Host: localhost:38858
Accept: text/html, image/gif, image/jpeg, *; q=.2, */*; q=.2
Connection: keep-alive


[DEBUG] HttpConnection@77276f3d::SocketChannelEndPoint@1bd6e8a{l=/127.0.0.1:38858,r=/127.0.0.1:42938,OPEN,fill=-,flush=-,to=1/30000}{io=0/0,kio=0,kro=1}->HttpConnection@77276f3d[p=HttpParser{s=CONTENT,0 of -1},g=HttpGenerator@1fdf9a47{s=START}]=>HttpChannelOverHttp@33736c40{s=HttpChannelState@4531524{s=IDLE rs=BLOCKING os=OPEN is=IDLE awp=false se=false i=true al=0},r=2,c=false/false,a=IDLE,uri=//localhost:38858/FileServlet/htmltests/upload-form.html,age=1} parsed true HttpParser{s=CONTENT,0 of -1}
[DEBUG] releaseRequestBuffer HttpConnection@77276f3d::SocketChannelEndPoint@1bd6e8a{l=/127.0.0.1:38858,r=/127.0.0.1:42938,OPEN,fill=-,flush=-,to=1/30000}{io=0/0,kio=0,kro=1}->HttpConnection@77276f3d[p=HttpParser{s=CONTENT,0 of -1},g=HttpGenerator@1fdf9a47{s=START}]=>HttpChannelOverHttp@33736c40{s=HttpChannelState@4531524{s=IDLE rs=BLOCKING os=OPEN is=IDLE awp=false se=false i=true al=0},r=2,c=false/false,a=IDLE,uri=//localhost:38858/FileServlet/htmltests/upload-form.html,age=1}
[DEBUG] handle //localhost:38858/FileServlet/htmltests/upload-form.html HttpChannelOverHttp@33736c40{s=HttpChannelState@4531524{s=IDLE rs=BLOCKING os=OPEN is=IDLE awp=false se=false i=true al=0},r=2,c=false/false,a=IDLE,uri=//localhost:38858/FileServlet/htmltests/upload-form.html,age=1} 
[DEBUG] handling HttpChannelState@4531524{s=IDLE rs=BLOCKING os=OPEN is=IDLE awp=false se=false i=true al=0}
[DEBUG] action DISPATCH HttpChannelOverHttp@33736c40{s=HttpChannelState@4531524{s=HANDLING rs=BLOCKING os=OPEN is=IDLE awp=false se=false i=true al=0},r=2,c=false/false,a=HANDLING,uri=//localhost:38858/FileServlet/htmltests/upload-form.html,age=1}
[DEBUG] REQUEST GET /FileServlet/htmltests/upload-form.html on HttpChannelOverHttp@33736c40{s=HttpChannelState@4531524{s=HANDLING rs=BLOCKING os=OPEN is=IDLE awp=false se=false i=true al=0},r=2,c=false/false,a=HANDLING,uri=//localhost:38858/FileServlet/htmltests/upload-form.html,age=1}
[DEBUG] servlet null|/FileServlet|/htmltests/upload-form.html -> org.jsoup.integration.servlets.FileServlet-3fffff43==org.jsoup.integration.servlets.FileServlet@bc0855c5{jsp=null,order=-1,inst=false,async=true,src=EMBEDDED:null,STARTED}
[DEBUG] chain=null
[DEBUG] Servlet.init null for org.jsoup.integration.servlets.FileServlet-3fffff43
[DEBUG] HttpConnection@77276f3d::SocketChannelEndPoint@1bd6e8a{l=/127.0.0.1:38858,r=/127.0.0.1:42938,OPEN,fill=-,flush=-,to=3/30000}{io=0/0,kio=0,kro=1}->HttpConnection@77276f3d[p=HttpParser{s=CONTENT,0 of -1},g=HttpGenerator@1fdf9a47{s=START}]=>HttpChannelOverHttp@33736c40{s=HttpChannelState@4531524{s=HANDLING rs=BLOCKING os=OPEN is=IDLE awp=false se=false i=true al=0},r=2,c=false/false,a=HANDLING,uri=//localhost:38858/FileServlet/htmltests/upload-form.html,age=3} onFillable exit HttpChannelState@4531524{s=HANDLING rs=BLOCKING os=OPEN is=IDLE awp=false se=false i=true al=0} null
[DEBUG] ran CEP:SocketChannelEndPoint@1bd6e8a{l=/127.0.0.1:38858,r=/127.0.0.1:42938,OPEN,fill=-,flush=-,to=4/30000}{io=0/0,kio=0,kro=1}->HttpConnection@77276f3d[p=HttpParser{s=CONTENT,0 of -1},g=HttpGenerator@1fdf9a47{s=START}]=>HttpChannelOverHttp@33736c40{s=HttpChannelState@4531524{s=HANDLING rs=BLOCKING os=OPEN is=IDLE awp=false se=false i=true al=0},r=2,c=false/false,a=HANDLING,uri=//localhost:38858/FileServlet/htmltests/upload-form.html,age=3}:runFillable:BLOCKING in QueuedThreadPool[qtp487792155]@1d131e1b{STARTED,8<=8<=200,i=3,r=-1,q=0}[ReservedThreadExecutor@7ec3394b{s=1/1,p=0}]
[DEBUG] write(array HeapByteBuffer@2ae1c894[p=0,l=404,c=8192,r=404]={<<<<html>\n<head>\n  <title>Up...form>\n\n</body>\n</html>\n>>>\x00\x00\x00\x00\x00\x00\x00\x00\x00...\x00\x00\x00\x00\x00\x00\x00})
[DEBUG] write(array) s=OPEN,api=BLOCKING,sc=false,e=null aggregated !flush DirectByteBuffer@1667663f[p=0,l=404,c=32768,r=404]={<<<<html>\n<head>\n  <title>Up...form>\n\n</body>\n</html>\n>>>\x00\x00\x00\x00\x00\x00\x00\x00\x00...\x00\x00\x00\x00\x00\x00\x00}
[DEBUG] sendResponse info=null content=DirectByteBuffer@1667663f[p=0,l=404,c=32768,r=404]={<<<<html>\n<head>\n  <title>Up...form>\n\n</body>\n</html>\n>>>\x00\x00\x00\x00\x00\x00\x00\x00\x00...\x00\x00\x00\x00\x00\x00\x00} complete=false committing=true callback=Blocker@d5a6828{null}
[DEBUG] COMMIT for /FileServlet/htmltests/upload-form.html on HttpChannelOverHttp@33736c40{s=HttpChannelState@4531524{s=HANDLING rs=BLOCKING os=COMMITTED is=IDLE awp=false se=false i=true al=0},r=2,c=false/false,a=HANDLING,uri=//localhost:38858/FileServlet/htmltests/upload-form.html,age=37}
200 null HTTP/1.1
Date: Mon, 20 Sep 2021 19:30:07 GMT
Content-Type: text/html


[DEBUG] generate: NEED_HEADER for SendCallback@260c015[PROCESSING][i=HTTP/1.1{s=200,h=2,cl=-1},cb=org.eclipse.jetty.server.HttpChannel$SendCallback@74a86b52] (null,[p=0,l=404,c=32768,r=404],false)@START
[DEBUG] generateHeaders HTTP/1.1{s=200,h=2,cl=-1} last=false content=DirectByteBuffer@1667663f[p=0,l=404,c=32768,r=404]={<<<<html>\n<head>\n  <title>Up...form>\n\n</body>\n</html>\n>>>\x00\x00\x00\x00\x00\x00\x00\x00\x00...\x00\x00\x00\x00\x00\x00\x00}
[DEBUG] Date: Mon, 20 Sep 2021 19:30:07 GMT
Content-Type: text/html


[DEBUG] CHUNKED_CONTENT
[DEBUG] generate: FLUSH for SendCallback@260c015[PROCESSING][i=HTTP/1.1{s=200,h=2,cl=-1},cb=org.eclipse.jetty.server.HttpChannel$SendCallback@74a86b52] ([p=0,l=147,c=8192,r=147],[p=0,l=404,c=32768,r=404],false)@COMMITTED
[DEBUG] write: WriteFlusher@d5b1c05{IDLE}->null [HeapByteBuffer@22b9b50d[p=0,l=147,c=8192,r=147]={<<<HTTP/1.1 200 OK\r\nDate: Mo....43.v20210629)\r\n\r\n194\r\n>>>) AppleWe...\x00\x00\x00\x00\x00\x00\x00},DirectByteBuffer@1667663f[p=0,l=404,c=32768,r=404]={<<<<html>\n<head>\n  <title>Up...form>\n\n</body>\n</html>\n>>>\x00\x00\x00\x00\x00\x00\x00\x00\x00...\x00\x00\x00\x00\x00\x00\x00}]
[DEBUG] update WriteFlusher@d5b1c05{WRITING}->null:IDLE-->WRITING
[DEBUG] flushed 551 SocketChannelEndPoint@1bd6e8a{l=/127.0.0.1:38858,r=/127.0.0.1:42938,OPEN,fill=-,flush=W,to=44/30000}{io=0/0,kio=0,kro=1}->HttpConnection@77276f3d[p=HttpParser{s=CONTENT,0 of -1},g=HttpGenerator@1fdf9a47{s=COMMITTED}]=>HttpChannelOverHttp@33736c40{s=HttpChannelState@4531524{s=HANDLING rs=BLOCKING os=COMMITTED is=IDLE awp=false se=false i=true al=0},r=2,c=false/false,a=HANDLING,uri=//localhost:38858/FileServlet/htmltests/upload-form.html,age=44}
[DEBUG] Flushed=true written=551 remaining=0 WriteFlusher@d5b1c05{WRITING}->null
[DEBUG] update WriteFlusher@d5b1c05{IDLE}->null:WRITING-->IDLE
[DEBUG] generate: DONE for SendCallback@260c015[PROCESSING][i=HTTP/1.1{s=200,h=2,cl=-1},cb=org.eclipse.jetty.server.HttpChannel$SendCallback@74a86b52] ([p=147,l=147,c=8192,r=0],[p=404,l=404,c=32768,r=0],false)@COMMITTED
[DEBUG] onWriteComplete(false,null) s=OPEN,api=BLOCKED,sc=false,e=null->s=OPEN,api=BLOCKING,sc=false,e=null c=null cb=null w=false
[DEBUG] handled=true async=false committed=true on HttpChannelOverHttp@33736c40{s=HttpChannelState@4531524{s=HANDLING rs=BLOCKING os=COMMITTED is=IDLE awp=false se=false i=true al=0},r=2,c=false/false,a=HANDLING,uri=//localhost:38858/FileServlet/htmltests/upload-form.html,age=48}
[DEBUG] unhandle HttpChannelState@4531524{s=HANDLING rs=BLOCKING os=COMMITTED is=IDLE awp=false se=false i=true al=0}
[DEBUG] nextAction(false) COMPLETE HttpChannelState@4531524{s=HANDLING rs=COMPLETING os=COMMITTED is=IDLE awp=false se=false i=false al=0}
[DEBUG] action COMPLETE HttpChannelOverHttp@33736c40{s=HttpChannelState@4531524{s=HANDLING rs=COMPLETING os=COMMITTED is=IDLE awp=false se=false i=false al=0},r=2,c=false/false,a=HANDLING,uri=//localhost:38858/FileServlet/htmltests/upload-form.html,age=48}
[DEBUG] complete(org.eclipse.jetty.util.Callback$3@350549ae) s=CLOSING,api=BLOCKED,sc=false,e=null s=false e=null, c=HeapByteBuffer@11848662[p=0,l=0,c=0,r=0]={<<<>>>}
[DEBUG] sendResponse info=null content=HeapByteBuffer@11848662[p=0,l=0,c=0,r=0]={<<<>>>} complete=true committing=false callback=org.eclipse.jetty.server.HttpOutput$WriteCompleteCB@6bc07c0e
[DEBUG] generate: CONTINUE for SendCallback@260c015[PROCESSING][i=null,cb=org.eclipse.jetty.server.HttpChannel$SendCallback@5c8568df] (null,[p=0,l=0,c=0,r=0],true)@COMPLETING
[DEBUG] generate: NEED_CHUNK for SendCallback@260c015[PROCESSING][i=null,cb=org.eclipse.jetty.server.HttpChannel$SendCallback@5c8568df] (null,[p=0,l=0,c=0,r=0],true)@COMPLETING
[DEBUG] generate: FLUSH for SendCallback@260c015[PROCESSING][i=null,cb=org.eclipse.jetty.server.HttpChannel$SendCallback@5c8568df] (null,[p=0,l=0,c=0,r=0],true)@COMPLETING
[DEBUG] write: WriteFlusher@d5b1c05{IDLE}->null [HeapByteBuffer@690742bb[p=0,l=7,c=1024,r=7]={<<<\r\n0\r\n\r\n>>>\x00\x00\x00\x00\x00\x00\x00\x00\x00...\x00\x00\x00\x00\x00\x00\x00}]
[DEBUG] update WriteFlusher@d5b1c05{WRITING}->null:IDLE-->WRITING
[DEBUG] flushed 7 SocketChannelEndPoint@1bd6e8a{l=/127.0.0.1:38858,r=/127.0.0.1:42938,OPEN,fill=-,flush=W,to=11/30000}{io=0/0,kio=0,kro=1}->HttpConnection@77276f3d[p=HttpParser{s=CONTENT,0 of -1},g=HttpGenerator@1fdf9a47{s=COMPLETING}]=>HttpChannelOverHttp@33736c40{s=HttpChannelState@4531524{s=HANDLING rs=COMPLETING os=COMMITTED is=IDLE awp=false se=false i=false al=0},r=2,c=false/false,a=HANDLING,uri=//localhost:38858/FileServlet/htmltests/upload-form.html,age=56}
[DEBUG] Flushed=true written=7 remaining=0 WriteFlusher@d5b1c05{WRITING}->null
[DEBUG] update WriteFlusher@d5b1c05{IDLE}->null:WRITING-->IDLE
[DEBUG] generate: DONE for SendCallback@260c015[PROCESSING][i=null,cb=org.eclipse.jetty.server.HttpChannel$SendCallback@5c8568df] (null,[p=0,l=0,c=0,r=0],true)@END
[DEBUG] onWriteComplete(true,null) s=CLOSING,api=BLOCKED,sc=false,e=null->s=CLOSED,api=BLOCKING,sc=false,e=null c=null cb=org.eclipse.jetty.util.Callback$3@350549ae w=false
[DEBUG] completed HttpChannelState@4531524{s=HANDLING rs=COMPLETING os=COMPLETED is=IDLE awp=false se=false i=false al=0}
[DEBUG] unhandle HttpChannelState@4531524{s=HANDLING rs=COMPLETED os=COMPLETED is=IDLE awp=false se=false i=false al=0}
[DEBUG] nextAction(false) TERMINATED HttpChannelState@4531524{s=IDLE rs=COMPLETED os=COMPLETED is=IDLE awp=false se=false i=false al=0}
[DEBUG] action TERMINATED HttpChannelOverHttp@33736c40{s=HttpChannelState@4531524{s=IDLE rs=COMPLETED os=COMPLETED is=IDLE awp=false se=false i=false al=0},r=2,c=true/true,a=IDLE,uri=//localhost:38858/FileServlet/htmltests/upload-form.html,age=56}
[DEBUG] onCompleted for /FileServlet/htmltests/upload-form.html written=404
[DEBUG] filled 431 HeapByteBuffer@22b9b50d[p=0,l=431,c=8192,r=431]={<<<POST /EchoServlet HTTP/1....\r\n_function=tidy&_file=>>>\x00\x00\x00\x00\x00\x00\x00\x00\x00...\x00\x00\x00\x00\x00\x00\x00}
[DEBUG] HttpConnection@77276f3d::SocketChannelEndPoint@1bd6e8a{l=/127.0.0.1:38858,r=/127.0.0.1:42938,OPEN,fill=-,flush=-,to=0/30000}{io=0/0,kio=0,kro=1}->HttpConnection@77276f3d[p=HttpParser{s=CONTENT,0 of -1},g=HttpGenerator@1fdf9a47{s=END}]=>HttpChannelOverHttp@33736c40{s=HttpChannelState@4531524{s=IDLE rs=COMPLETED os=COMPLETED is=IDLE awp=false se=false i=false al=0},r=2,c=true/true,a=IDLE,uri=//localhost:38858/FileServlet/htmltests/upload-form.html,age=57} filled 431 HeapByteBuffer@22b9b50d[p=0,l=431,c=8192,r=431]={<<<POST /EchoServlet HTTP/1....\r\n_function=tidy&_file=>>>\x00\x00\x00\x00\x00\x00\x00\x00\x00...\x00\x00\x00\x00\x00\x00\x00}
[DEBUG] HttpConnection@77276f3d::SocketChannelEndPoint@1bd6e8a{l=/127.0.0.1:38858,r=/127.0.0.1:42938,OPEN,fill=-,flush=-,to=0/30000}{io=0/0,kio=0,kro=1}->HttpConnection@77276f3d[p=HttpParser{s=CONTENT,0 of -1},g=HttpGenerator@1fdf9a47{s=END}]=>HttpChannelOverHttp@33736c40{s=HttpChannelState@4531524{s=IDLE rs=COMPLETED os=COMPLETED is=IDLE awp=false se=false i=false al=0},r=2,c=true/true,a=IDLE,uri=//localhost:38858/FileServlet/htmltests/upload-form.html,age=57} parse HeapByteBuffer@22b9b50d[p=0,l=431,c=8192,r=431]={<<<POST /EchoServlet HTTP/1....\r\n_function=tidy&_file=>>>\x00\x00\x00\x00\x00\x00\x00\x00\x00...\x00\x00\x00\x00\x00\x00\x00} {}
[DEBUG] parseNext s=CONTENT HeapByteBuffer@22b9b50d[p=0,l=431,c=8192,r=431]={<<<POST /EchoServlet HTTP/1....\r\n_function=tidy&_file=>>>\x00\x00\x00\x00\x00\x00\x00\x00\x00...\x00\x00\x00\x00\x00\x00\x00}
[DEBUG] CONTENT --> CONTENT_END
[DEBUG] onContentComplete HttpChannelOverHttp@33736c40{s=HttpChannelState@4531524{s=IDLE rs=COMPLETED os=COMPLETED is=IDLE awp=false se=false i=false al=0},r=2,c=true/true,a=IDLE,uri=//localhost:38858/FileServlet/htmltests/upload-form.html,age=57}
[DEBUG] CONTENT_END --> END
[DEBUG] onRequestComplete HttpChannelOverHttp@33736c40{s=HttpChannelState@4531524{s=IDLE rs=COMPLETED os=COMPLETED is=IDLE awp=false se=false i=false al=0},r=2,c=true/true,a=IDLE,uri=//localhost:38858/FileServlet/htmltests/upload-form.html,age=57}
[DEBUG] HttpInputOverHTTP@474ff53b[c=0,q=0,[0]=null,s=STREAM] addContent EOF
[DEBUG] HttpConnection@77276f3d::SocketChannelEndPoint@1bd6e8a{l=/127.0.0.1:38858,r=/127.0.0.1:42938,OPEN,fill=-,flush=-,to=0/30000}{io=0/0,kio=0,kro=1}->HttpConnection@77276f3d[p=HttpParser{s=END,0 of -1},g=HttpGenerator@1fdf9a47{s=END}]=>HttpChannelOverHttp@33736c40{s=HttpChannelState@4531524{s=IDLE rs=COMPLETED os=COMPLETED is=IDLE awp=false se=false i=false al=0},r=2,c=true/true,a=IDLE,uri=//localhost:38858/FileServlet/htmltests/upload-form.html,age=57} parsed false HttpParser{s=END,0 of -1}
[DEBUG] recycle HttpChannelState@4531524{s=IDLE rs=COMPLETED os=COMPLETED is=IDLE awp=false se=false i=false al=0}
[DEBUG] reset HttpParser{s=END,0 of -1}
[DEBUG] END --> START
[DEBUG] !handle TERMINATED HttpChannelOverHttp@33736c40{s=HttpChannelState@4531524{s=IDLE rs=BLOCKING os=OPEN is=IDLE awp=false se=false i=true al=0},r=2,c=false/false,a=IDLE,uri=null,age=0}
[DEBUG] HttpConnection@77276f3d::SocketChannelEndPoint@1bd6e8a{l=/127.0.0.1:38858,r=/127.0.0.1:42938,OPEN,fill=-,flush=-,to=0/30000}{io=0/0,kio=0,kro=1}->HttpConnection@77276f3d[p=HttpParser{s=START,0 of -1},g=HttpGenerator@1fdf9a47{s=START}]=>HttpChannelOverHttp@33736c40{s=HttpChannelState@4531524{s=IDLE rs=BLOCKING os=OPEN is=IDLE awp=false se=false i=true al=0},r=2,c=false/false,a=IDLE,uri=null,age=0} parse HeapByteBuffer@22b9b50d[p=0,l=431,c=8192,r=431]={<<<POST /EchoServlet HTTP/1....\r\n_function=tidy&_file=>>>\x00\x00\x00\x00\x00\x00\x00\x00\x00...\x00\x00\x00\x00\x00\x00\x00} {}
[DEBUG] parseNext s=START HeapByteBuffer@22b9b50d[p=0,l=431,c=8192,r=431]={<<<POST /EchoServlet HTTP/1....\r\n_function=tidy&_file=>>>\x00\x00\x00\x00\x00\x00\x00\x00\x00...\x00\x00\x00\x00\x00\x00\x00}
[DEBUG] START --> SPACE1
[DEBUG] SPACE1 --> URI
[DEBUG] URI --> SPACE2
[DEBUG] SPACE2 --> REQUEST_VERSION
[DEBUG] REQUEST_VERSION --> HEADER
[DEBUG] HEADER:Cookie --> VALUE
[DEBUG] HEADER:Cookie --> IN_VALUE
[DEBUG] HEADER:Cookie --> FIELD
[DEBUG] HEADER:Accept-Encoding: gzip --> IN_VALUE
[DEBUG] HEADER:Accept-Encoding: gzip --> FIELD
[DEBUG] HEADER:User-Agent: Mozilla/5.0 (Windows NT 10.0; Win64; x64) AppleWebKit/537.36 (KHTML, like Gecko) Chrome/79.0.3945.130 Safari/537.36 --> IN_VALUE
[DEBUG] HEADER:User-Agent: Mozilla/5.0 (Windows NT 10.0; Win64; x64) AppleWebKit/537.36 (KHTML, like Gecko) Chrome/79.0.3945.130 Safari/537.36 --> FIELD
[DEBUG] HEADER:Content-Type: application/x-www-form-urlencoded; charset=UTF-8 --> IN_VALUE
[DEBUG] HEADER:Content-Type: application/x-www-form-urlencoded; charset=UTF-8 --> FIELD
[DEBUG] HEADER:Host: localhost:38858 --> IN_VALUE
[DEBUG] HEADER:Host: localhost:38858 --> FIELD
[DEBUG] HEADER:Accept: text/html, image/gif, image/jpeg, *; q=.2, */*; q=.2 --> IN_VALUE
[DEBUG] HEADER:Accept: text/html, image/gif, image/jpeg, *; q=.2, */*; q=.2 --> FIELD
[DEBUG] HEADER:Connection: keep-alive --> IN_VALUE
[DEBUG] HEADER:Connection: keep-alive --> FIELD
[DEBUG] HEADER:Content-Length --> VALUE
[DEBUG] HEADER:Content-Length --> IN_VALUE
[DEBUG] HEADER:Content-Length --> FIELD
[DEBUG] HEADER --> CONTENT
[DEBUG] REQUEST for //localhost:38858/EchoServlet on HttpChannelOverHttp@33736c40{s=HttpChannelState@4531524{s=IDLE rs=BLOCKING os=OPEN is=IDLE awp=false se=false i=true al=0},r=3,c=false/false,a=IDLE,uri=//localhost:38858/EchoServlet,age=0}
POST //localhost:38858/EchoServlet HTTP/1.1
Cookie: One=EchoServlet; One=Root
Accept-Encoding: gzip
User-Agent: Mozilla/5.0 (Windows NT 10.0; Win64; x64) AppleWebKit/537.36 (KHTML, like Gecko) Chrome/79.0.3945.130 Safari/537.36
Content-Type: application/x-www-form-urlencoded; charset=UTF-8
Host: localhost:38858
Accept: text/html, image/gif, image/jpeg, *; q=.2, */*; q=.2
Connection: keep-alive
Content-Length: 21


[DEBUG] HttpConnection@77276f3d::SocketChannelEndPoint@1bd6e8a{l=/127.0.0.1:38858,r=/127.0.0.1:42938,OPEN,fill=-,flush=-,to=1/30000}{io=0/0,kio=0,kro=1}->HttpConnection@77276f3d[p=HttpParser{s=CONTENT,0 of 21},g=HttpGenerator@1fdf9a47{s=START}]=>HttpChannelOverHttp@33736c40{s=HttpChannelState@4531524{s=IDLE rs=BLOCKING os=OPEN is=IDLE awp=false se=false i=true al=0},r=3,c=false/false,a=IDLE,uri=//localhost:38858/EchoServlet,age=0} parsed true HttpParser{s=CONTENT,0 of 21}
[DEBUG] handle //localhost:38858/EchoServlet HttpChannelOverHttp@33736c40{s=HttpChannelState@4531524{s=IDLE rs=BLOCKING os=OPEN is=IDLE awp=false se=false i=true al=0},r=3,c=false/false,a=IDLE,uri=//localhost:38858/EchoServlet,age=0} 
[DEBUG] handling HttpChannelState@4531524{s=IDLE rs=BLOCKING os=OPEN is=IDLE awp=false se=false i=true al=0}
[DEBUG] action DISPATCH HttpChannelOverHttp@33736c40{s=HttpChannelState@4531524{s=HANDLING rs=BLOCKING os=OPEN is=IDLE awp=false se=false i=true al=0},r=3,c=false/false,a=HANDLING,uri=//localhost:38858/EchoServlet,age=0}
[DEBUG] REQUEST POST /EchoServlet on HttpChannelOverHttp@33736c40{s=HttpChannelState@4531524{s=HANDLING rs=BLOCKING os=OPEN is=IDLE awp=false se=false i=true al=0},r=3,c=false/false,a=HANDLING,uri=//localhost:38858/EchoServlet,age=9}
[DEBUG] servlet null|/EchoServlet|null -> org.jsoup.integration.servlets.EchoServlet-422c3c7a==org.jsoup.integration.servlets.EchoServlet@66e2fba5{jsp=null,order=-1,inst=false,async=true,src=EMBEDDED:null,STARTED}
[DEBUG] chain=null
[DEBUG] Servlet.init null for org.jsoup.integration.servlets.EchoServlet-422c3c7a
[DEBUG] write(array HeapByteBuffer@76503e0c[p=0,l=235,c=512,r=235]={<<<<title>Webserver Environm...\n    <table border="0">>>>\x00\x00\x00\x00\x00\x00\x00\x00\x00...\x00\x00\x00\x00\x00\x00\x00})
[DEBUG] write(array) s=OPEN,api=BLOCKING,sc=false,e=null aggregated !flush DirectByteBuffer@1667663f[p=0,l=235,c=32768,r=235]={<<<<title>Webserver Environm...\n    <table border="0">>>>="_functi...\x00\x00\x00\x00\x00\x00\x00}
[DEBUG] write(array HeapByteBuffer@1e981cc4[p=0,l=37,c=512,r=37]={<<<<tr><th>Method</th><td>POST</td></tr>>>>s</title>...\x00\x00\x00\x00\x00\x00\x00})
[DEBUG] write(array) s=OPEN,api=BLOCKING,sc=false,e=null aggregated !flush DirectByteBuffer@1667663f[p=0,l=272,c=32768,r=272]={<<<<title>Webserver Environm...</th><td>POST</td></tr>>>>or="_file...\x00\x00\x00\x00\x00\x00\x00}
[DEBUG] write(array HeapByteBuffer@692c5c58[p=0,l=1,c=512,r=1]={<<<\n>>>tr><th>Me...\x00\x00\x00\x00\x00\x00\x00})
[DEBUG] write(array) s=OPEN,api=BLOCKING,sc=false,e=null aggregated !flush DirectByteBuffer@1667663f[p=0,l=273,c=32768,r=273]={<<<<title>Webserver Environm.../th><td>POST</td></tr>\n>>>r="_file"...\x00\x00\x00\x00\x00\x00\x00}
[DEBUG] write(array HeapByteBuffer@3a6dc95c[p=0,l=50,c=512,r=50]={<<<<tr><th>Request URI</th><...>/EchoServlet</td></tr>>>> <style t...\x00\x00\x00\x00\x00\x00\x00})
[DEBUG] write(array) s=OPEN,api=BLOCKING,sc=false,e=null aggregated !flush DirectByteBuffer@1667663f[p=0,l=323,c=32768,r=323]={<<<<title>Webserver Environm...>/EchoServlet</td></tr>>>>="_file" ...\x00\x00\x00\x00\x00\x00\x00}
[DEBUG] write(array HeapByteBuffer@4d3a2043[p=0,l=1,c=512,r=1]={<<<\n>>>tr><th>Re...\x00\x00\x00\x00\x00\x00\x00})
[...]
[DEBUG] HttpInputOverHTTP@474ff53b[c=1,q=1,[0]=EOF,s=STREAM] read 1 from Content@342c95d3{HeapByteBufferR@3f999087[p=411,l=431,c=8192,r=20]={POST /Ech...21\r\n\r\n_<<<function=tidy&_file=>>>\x00\x00\x00\x00\x00\x00\x00\x00\x00...\x00\x00\x00\x00\x00\x00\x00}}
[DEBUG] HttpInputOverHTTP@474ff53b[c=2,q=1,[0]=EOF,s=STREAM] read 1 from Content@342c95d3{HeapByteBufferR@3f999087[p=412,l=431,c=8192,r=19]={POST /Ech...1\r\n\r\n_f<<<unction=tidy&_file=>>>\x00\x00\x00\x00\x00\x00\x00\x00\x00...\x00\x00\x00\x00\x00\x00\x00}}
[DEBUG] HttpInputOverHTTP@474ff53b[c=3,q=1,[0]=EOF,s=STREAM] read 1 from Content@342c95d3{HeapByteBufferR@3f999087[p=413,l=431,c=8192,r=18]={POST /Ech...\r\n\r\n_fu<<<nction=tidy&_file=>>>\x00\x00\x00\x00\x00\x00\x00\x00\x00...\x00\x00\x00\x00\x00\x00\x00}}
[DEBUG] HttpInputOverHTTP@474ff53b[c=4,q=1,[0]=EOF,s=STREAM] read 1 from Content@342c95d3{HeapByteBufferR@3f999087[p=414,l=431,c=8192,r=17]={POST /Ech...\n\r\n_fun<<<ction=tidy&_file=>>>\x00\x00\x00\x00\x00\x00\x00\x00\x00...\x00\x00\x00\x00\x00\x00\x00}}
[DEBUG] HttpInputOverHTTP@474ff53b[c=5,q=1,[0]=EOF,s=STREAM] read 1 from Content@342c95d3{HeapByteBufferR@3f999087[p=415,l=431,c=8192,r=16]={POST /Ech...\r\n_func<<<tion=tidy&_file=>>>\x00\x00\x00\x00\x00\x00\x00\x00\x00...\x00\x00\x00\x00\x00\x00\x00}}
[DEBUG] HttpInputOverHTTP@474ff53b[c=6,q=1,[0]=EOF,s=STREAM] read 1 from Content@342c95d3{HeapByteBufferR@3f999087[p=416,l=431,c=8192,r=15]={POST /Ech...\n_funct<<<ion=tidy&_file=>>>\x00\x00\x00\x00\x00\x00\x00\x00\x00...\x00\x00\x00\x00\x00\x00\x00}}
[DEBUG] HttpInputOverHTTP@474ff53b[c=7,q=1,[0]=EOF,s=STREAM] read 1 from Content@342c95d3{HeapByteBufferR@3f999087[p=417,l=431,c=8192,r=14]={POST /Ech..._functi<<<on=tidy&_file=>>>\x00\x00\x00\x00\x00\x00\x00\x00\x00...\x00\x00\x00\x00\x00\x00\x00}}
[DEBUG] HttpInputOverHTTP@474ff53b[c=8,q=1,[0]=EOF,s=STREAM] read 1 from Content@342c95d3{HeapByteBufferR@3f999087[p=418,l=431,c=8192,r=13]={POST /Ech...functio<<<n=tidy&_file=>>>\x00\x00\x00\x00\x00\x00\x00\x00\x00...\x00\x00\x00\x00\x00\x00\x00}}
[DEBUG] HttpInputOverHTTP@474ff53b[c=9,q=1,[0]=EOF,s=STREAM] read 1 from Content@342c95d3{HeapByteBufferR@3f999087[p=419,l=431,c=8192,r=12]={POST /Ech...unction<<<=tidy&_file=>>>\x00\x00\x00\x00\x00\x00\x00\x00\x00...\x00\x00\x00\x00\x00\x00\x00}}
[DEBUG] HttpInputOverHTTP@474ff53b[c=10,q=1,[0]=EOF,s=STREAM] read 1 from Content@342c95d3{HeapByteBufferR@3f999087[p=420,l=431,c=8192,r=11]={POST /Ech...nction=<<<tidy&_file=>>>\x00\x00\x00\x00\x00\x00\x00\x00\x00...\x00\x00\x00\x00\x00\x00\x00}}
[DEBUG] HttpInputOverHTTP@474ff53b[c=11,q=1,[0]=EOF,s=STREAM] read 1 from Content@342c95d3{HeapByteBufferR@3f999087[p=421,l=431,c=8192,r=10]={POST /Ech...ction=t<<<idy&_file=>>>\x00\x00\x00\x00\x00\x00\x00\x00\x00...\x00\x00\x00\x00\x00\x00\x00}}
[DEBUG] HttpInputOverHTTP@474ff53b[c=12,q=1,[0]=EOF,s=STREAM] read 1 from Content@342c95d3{HeapByteBufferR@3f999087[p=422,l=431,c=8192,r=9]={POST /Ech...tion=ti<<<dy&_file=>>>\x00\x00\x00\x00\x00\x00\x00\x00\x00...\x00\x00\x00\x00\x00\x00\x00}}
[DEBUG] HttpInputOverHTTP@474ff53b[c=13,q=1,[0]=EOF,s=STREAM] read 1 from Content@342c95d3{HeapByteBufferR@3f999087[p=423,l=431,c=8192,r=8]={POST /Ech...ion=tid<<<y&_file=>>>\x00\x00\x00\x00\x00\x00\x00\x00\x00...\x00\x00\x00\x00\x00\x00\x00}}
[DEBUG] HttpInputOverHTTP@474ff53b[c=14,q=1,[0]=EOF,s=STREAM] read 1 from Content@342c95d3{HeapByteBufferR@3f999087[p=424,l=431,c=8192,r=7]={POST /Ech...on=tidy<<<&_file=>>>\x00\x00\x00\x00\x00\x00\x00\x00\x00...\x00\x00\x00\x00\x00\x00\x00}}
[DEBUG] HttpInputOverHTTP@474ff53b[c=15,q=1,[0]=EOF,s=STREAM] read 1 from Content@342c95d3{HeapByteBufferR@3f999087[p=425,l=431,c=8192,r=6]={POST /Ech...n=tidy&<<<_file=>>>\x00\x00\x00\x00\x00\x00\x00\x00\x00...\x00\x00\x00\x00\x00\x00\x00}}
[DEBUG] HttpInputOverHTTP@474ff53b[c=16,q=1,[0]=EOF,s=STREAM] read 1 from Content@342c95d3{HeapByteBufferR@3f999087[p=426,l=431,c=8192,r=5]={POST /Ech...=tidy&_<<<file=>>>\x00\x00\x00\x00\x00\x00\x00\x00\x00...\x00\x00\x00\x00\x00\x00\x00}}
[DEBUG] HttpInputOverHTTP@474ff53b[c=17,q=1,[0]=EOF,s=STREAM] read 1 from Content@342c95d3{HeapByteBufferR@3f999087[p=427,l=431,c=8192,r=4]={POST /Ech...tidy&_f<<<ile=>>>\x00\x00\x00\x00\x00\x00\x00\x00\x00...\x00\x00\x00\x00\x00\x00\x00}}
[DEBUG] HttpInputOverHTTP@474ff53b[c=18,q=1,[0]=EOF,s=STREAM] read 1 from Content@342c95d3{HeapByteBufferR@3f999087[p=428,l=431,c=8192,r=3]={POST /Ech...idy&_fi<<<le=>>>\x00\x00\x00\x00\x00\x00\x00\x00\x00...\x00\x00\x00\x00\x00\x00\x00}}
[DEBUG] HttpInputOverHTTP@474ff53b[c=19,q=1,[0]=EOF,s=STREAM] read 1 from Content@342c95d3{HeapByteBufferR@3f999087[p=429,l=431,c=8192,r=2]={POST /Ech...dy&_fil<<<e=>>>\x00\x00\x00\x00\x00\x00\x00\x00\x00...\x00\x00\x00\x00\x00\x00\x00}}
[DEBUG] HttpInputOverHTTP@474ff53b[c=20,q=1,[0]=EOF,s=STREAM] read 1 from Content@342c95d3{HeapByteBufferR@3f999087[p=430,l=431,c=8192,r=1]={POST /Ech...y&_file<<<=>>>\x00\x00\x00\x00\x00\x00\x00\x00\x00...\x00\x00\x00\x00\x00\x00\x00}}
[DEBUG] HttpInputOverHTTP@474ff53b[c=21,q=1,[0]=EOF,s=STREAM] read 1 from Content@342c95d3{HeapByteBufferR@3f999087[p=431,l=431,c=8192,r=0]={POST /Ech...&_file=<<<>>>\x00\x00\x00\x00\x00\x00\x00\x00\x00...\x00\x00\x00\x00\x00\x00\x00}}
[DEBUG] releaseRequestBuffer HttpConnection@77276f3d::SocketChannelEndPoint@1bd6e8a{l=/127.0.0.1:38858,r=/127.0.0.1:42938,OPEN,fill=-,flush=-,to=51/30000}{io=0/0,kio=0,kro=1}->HttpConnection@77276f3d[p=HttpParser{s=END,21 of 21},g=HttpGenerator@1fdf9a47{s=START}]=>HttpChannelOverHttp@33736c40{s=HttpChannelState@4531524{s=HANDLING rs=BLOCKING os=OPEN is=IDLE awp=false se=false i=true al=0},r=3,c=false/false,a=HANDLING,uri=//localhost:38858/EchoServlet,age=61}
[DEBUG] onEof HttpChannelState@4531524{s=HANDLING rs=BLOCKING os=OPEN is=IDLE awp=false se=false i=true al=0}
[DEBUG] write(array HeapByteBuffer@fa9457c[p=0,l=32,c=512,r=32]={<<<<tr><th>_file</th><td></td></tr>>>></td></tr...\x00\x00\x00\x00\x00\x00\x00})
[DEBUG] write(array) s=OPEN,api=BLOCKING,sc=false,e=null aggregated !flush DirectByteBuffer@1667663f[p=0,l=1061,c=32768,r=1061]={<<<<title>Webserver Environm...file</th><td></td></tr>>>>\x00\x00\x00\x00\x00\x00\x00\x00\x00...\x00\x00\x00\x00\x00\x00\x00}
[DEBUG] write(array HeapByteBuffer@b366409[p=0,l=1,c=512,r=1]={<<<\n>>>tr><th>_f...\x00\x00\x00\x00\x00\x00\x00})
[DEBUG] write(array) s=OPEN,api=BLOCKING,sc=false,e=null aggregated !flush DirectByteBuffer@1667663f[p=0,l=1062,c=32768,r=1062]={<<<<title>Webserver Environm...ile</th><td></td></tr>\n>>>\x00\x00\x00\x00\x00\x00\x00\x00\x00...\x00\x00\x00\x00\x00\x00\x00}
[DEBUG] write(array HeapByteBuffer@5be4eab1[p=0,l=40,c=512,r=40]={<<<<tr><th>_function</th><td>tidy</td></tr>>>>r>d></tr>...\x00\x00\x00\x00\x00\x00\x00})
[DEBUG] write(array) s=OPEN,api=BLOCKING,sc=false,e=null aggregated !flush DirectByteBuffer@1667663f[p=0,l=1102,c=32768,r=1102]={<<<<title>Webserver Environm...</th><td>tidy</td></tr>>>>\x00\x00\x00\x00\x00\x00\x00\x00\x00...\x00\x00\x00\x00\x00\x00\x00}
[DEBUG] write(array HeapByteBuffer@280a54e2[p=0,l=1,c=512,r=1]={<<<\n>>>tr><th>_f...\x00\x00\x00\x00\x00\x00\x00})
[DEBUG] write(array) s=OPEN,api=BLOCKING,sc=false,e=null aggregated !flush DirectByteBuffer@1667663f[p=0,l=1103,c=32768,r=1103]={<<<<title>Webserver Environm.../th><td>tidy</td></tr>\n>>>\x00\x00\x00\x00\x00\x00\x00\x00\x00...\x00\x00\x00\x00\x00\x00\x00}
[DEBUG] onEof HttpChannelState@4531524{s=HANDLING rs=BLOCKING os=OPEN is=READY awp=false se=false i=true al=0}
[DEBUG] write(array HeapByteBuffer@6d4d663a[p=0,l=8,c=512,r=8]={<<<</table>>>>_function...\x00\x00\x00\x00\x00\x00\x00})
[DEBUG] write(array) s=OPEN,api=BLOCKING,sc=false,e=null aggregated !flush DirectByteBuffer@1667663f[p=0,l=1111,c=32768,r=1111]={<<<<title>Webserver Environm...tidy</td></tr>\n</table>>>>\x00\x00\x00\x00\x00\x00\x00\x00\x00...\x00\x00\x00\x00\x00\x00\x00}
[DEBUG] write(array HeapByteBuffer@55e351b6[p=0,l=1,c=512,r=1]={<<<\n>>>/table>_f...\x00\x00\x00\x00\x00\x00\x00})
[DEBUG] write(array) s=OPEN,api=BLOCKING,sc=false,e=null aggregated !flush DirectByteBuffer@1667663f[p=0,l=1112,c=32768,r=1112]={<<<<title>Webserver Environm...idy</td></tr>\n</table>\n>>>\x00\x00\x00\x00\x00\x00\x00\x00\x00...\x00\x00\x00\x00\x00\x00\x00}
[DEBUG] handled=true async=false committed=false on HttpChannelOverHttp@33736c40{s=HttpChannelState@4531524{s=HANDLING rs=BLOCKING os=OPEN is=READY awp=false se=false i=true al=0},r=3,c=false/false,a=HANDLING,uri=//localhost:38858/EchoServlet,age=66}
[DEBUG] unhandle HttpChannelState@4531524{s=HANDLING rs=BLOCKING os=OPEN is=READY awp=false se=false i=true al=0}
[DEBUG] nextAction(false) COMPLETE HttpChannelState@4531524{s=HANDLING rs=COMPLETING os=OPEN is=READY awp=false se=false i=false al=0}
[DEBUG] action COMPLETE HttpChannelOverHttp@33736c40{s=HttpChannelState@4531524{s=HANDLING rs=COMPLETING os=OPEN is=READY awp=false se=false i=false al=0},r=3,c=false/false,a=HANDLING,uri=//localhost:38858/EchoServlet,age=66}
[DEBUG] complete(org.eclipse.jetty.util.Callback$3@292e98d9) s=CLOSING,api=BLOCKED,sc=false,e=null s=false e=null, c=DirectByteBuffer@1667663f[p=0,l=1112,c=32768,r=1112]={<<<<title>Webserver Environm...idy</td></tr>\n</table>\n>>>\x00\x00\x00\x00\x00\x00\x00\x00\x00...\x00\x00\x00\x00\x00\x00\x00}
[DEBUG] sendResponse info=null content=DirectByteBuffer@1667663f[p=0,l=1112,c=32768,r=1112]={<<<<title>Webserver Environm...idy</td></tr>\n</table>\n>>>\x00\x00\x00\x00\x00\x00\x00\x00\x00...\x00\x00\x00\x00\x00\x00\x00} complete=true committing=true callback=org.eclipse.jetty.server.HttpOutput$WriteCompleteCB@5379645a
[DEBUG] COMMIT for /EchoServlet on HttpChannelOverHttp@33736c40{s=HttpChannelState@4531524{s=HANDLING rs=COMPLETING os=COMMITTED is=READY awp=false se=false i=false al=0},r=3,c=false/false,a=HANDLING,uri=//localhost:38858/EchoServlet,age=66}
200 null HTTP/1.1
Date: Mon, 20 Sep 2021 19:30:07 GMT
Content-Type: text/html;charset=utf-8
Cache-Control: no-cache
Cache-Control: no-store


[DEBUG] generate: NEED_HEADER for SendCallback@260c015[PROCESSING][i=HTTP/1.1{s=200,h=4,cl=-1},cb=org.eclipse.jetty.server.HttpChannel$SendCallback@5503a4b9] (null,[p=0,l=1112,c=32768,r=1112],true)@START
[DEBUG] generateHeaders HTTP/1.1{s=200,h=4,cl=-1} last=true content=DirectByteBuffer@1667663f[p=0,l=1112,c=32768,r=1112]={<<<<title>Webserver Environm...idy</td></tr>\n</table>\n>>>\x00\x00\x00\x00\x00\x00\x00\x00\x00...\x00\x00\x00\x00\x00\x00\x00}
[DEBUG] Date: Mon, 20 Sep 2021 19:30:07 GMT
Content-Type: text/html;charset=utf-8
Cache-Control: no-cache
Cache-Control: no-store


[DEBUG] CONTENT_LENGTH
[DEBUG] generate: FLUSH for SendCallback@260c015[PROCESSING][i=HTTP/1.1{s=200,h=4,cl=-1},cb=org.eclipse.jetty.server.HttpChannel$SendCallback@5503a4b9] ([p=0,l=200,c=8192,r=200],[p=0,l=1112,c=32768,r=1112],true)@COMPLETING
[DEBUG] write: WriteFlusher@d5b1c05{IDLE}->null [HeapByteBuffer@22b9b50d[p=0,l=200,c=8192,r=200]={<<<HTTP/1.1 200 OK\r\nDate: Mo...y(9.4.43.v20210629)\r\n\r\n>>>Safari/53...\x00\x00\x00\x00\x00\x00\x00},DirectByteBuffer@1667663f[p=0,l=1112,c=32768,r=1112]={<<<<title>Webserver Environm...idy</td></tr>\n</table>\n>>>\x00\x00\x00\x00\x00\x00\x00\x00\x00...\x00\x00\x00\x00\x00\x00\x00}]
[DEBUG] update WriteFlusher@d5b1c05{WRITING}->null:IDLE-->WRITING
]]></system-out>
  </testcase>
  <testcase name="createsFormData" classname="org.jsoup.nodes.FormElementTest" time="0.001"/>
  <testcase name="actionWithNoValue" classname="org.jsoup.nodes.FormElementTest" time="0"/>
  <testcase name="removeFormElement" classname="org.jsoup.nodes.FormElementTest" time="0.001"/>
  <testcase name="formsAddedAfterParseAreFormElements" classname="org.jsoup.nodes.FormElementTest" time="0"/>
  <testcase name="createsSubmitableConnection" classname="org.jsoup.nodes.FormElementTest" time="0.001"/>
  <testcase name="formDataUsesFirstAttribute" classname="org.jsoup.nodes.FormElementTest" time="0"/>
  <testcase name="controlsAddedAfterParseAreLinkedWithForms" classname="org.jsoup.nodes.FormElementTest" time="0.009">
    <system-out><![CDATA[[DEBUG] flushed 1312 SocketChannelEndPoint@1bd6e8a{l=/127.0.0.1:38858,r=/127.0.0.1:42938,OPEN,fill=-,flush=W,to=81/30000}{io=0/0,kio=0,kro=1}->HttpConnection@77276f3d[p=HttpParser{s=END,21 of 21},g=HttpGenerator@1fdf9a47{s=COMPLETING}]=>HttpChannelOverHttp@33736c40{s=HttpChannelState@4531524{s=HANDLING rs=COMPLETING os=COMMITTED is=READY awp=false se=false i=false al=0},r=3,c=false/false,a=HANDLING,uri=//localhost:38858/EchoServlet,age=80}
[DEBUG] Flushed=true written=1312 remaining=0 WriteFlusher@d5b1c05{WRITING}->null
[DEBUG] update WriteFlusher@d5b1c05{IDLE}->null:WRITING-->IDLE
[DEBUG] generate: DONE for SendCallback@260c015[PROCESSING][i=HTTP/1.1{s=200,h=4,cl=-1},cb=org.eclipse.jetty.server.HttpChannel$SendCallback@5503a4b9] ([p=200,l=200,c=8192,r=0],[p=1112,l=1112,c=32768,r=0],true)@END
[DEBUG] onWriteComplete(true,null) s=CLOSING,api=BLOCKED,sc=false,e=null->s=CLOSED,api=BLOCKING,sc=false,e=null c=null cb=org.eclipse.jetty.util.Callback$3@292e98d9 w=false
[DEBUG] completed HttpChannelState@4531524{s=HANDLING rs=COMPLETING os=COMPLETED is=READY awp=false se=false i=false al=0}
[DEBUG] unhandle HttpChannelState@4531524{s=HANDLING rs=COMPLETED os=COMPLETED is=READY awp=false se=false i=false al=0}
[DEBUG] nextAction(false) TERMINATED HttpChannelState@4531524{s=IDLE rs=COMPLETED os=COMPLETED is=READY awp=false se=false i=false al=0}
[DEBUG] action TERMINATED HttpChannelOverHttp@33736c40{s=HttpChannelState@4531524{s=IDLE rs=COMPLETED os=COMPLETED is=READY awp=false se=false i=false al=0},r=3,c=true/true,a=IDLE,uri=//localhost:38858/EchoServlet,age=81}
[DEBUG] onCompleted for /EchoServlet written=1112
[DEBUG] recycle HttpChannelState@4531524{s=IDLE rs=COMPLETED os=COMPLETED is=READY awp=false se=false i=false al=0}
[DEBUG] reset HttpParser{s=END,21 of 21}
[DEBUG] END --> START
[DEBUG] !handle TERMINATED HttpChannelOverHttp@33736c40{s=HttpChannelState@4531524{s=IDLE rs=BLOCKING os=OPEN is=IDLE awp=false se=false i=true al=0},r=3,c=false/false,a=IDLE,uri=null,age=0}
[DEBUG] filled 0 HeapByteBuffer@22b9b50d[p=0,l=0,c=8192,r=0]={<<<>>>HTTP/1.1 ...\x00\x00\x00\x00\x00\x00\x00}
[DEBUG] filled 0 HeapByteBuffer@22b9b50d[p=0,l=0,c=8192,r=0]={<<<>>>HTTP/1.1 ...\x00\x00\x00\x00\x00\x00\x00}
[DEBUG] HttpConnection@77276f3d::SocketChannelEndPoint@1bd6e8a{l=/127.0.0.1:38858,r=/127.0.0.1:42938,OPEN,fill=-,flush=-,to=3/30000}{io=0/0,kio=0,kro=1}->HttpConnection@77276f3d[p=HttpParser{s=START,0 of -1},g=HttpGenerator@1fdf9a47{s=START}]=>HttpChannelOverHttp@33736c40{s=HttpChannelState@4531524{s=IDLE rs=BLOCKING os=OPEN is=IDLE awp=false se=false i=true al=0},r=3,c=false/false,a=IDLE,uri=null,age=0} filled 0 HeapByteBuffer@22b9b50d[p=0,l=0,c=8192,r=0]={<<<>>>HTTP/1.1 ...\x00\x00\x00\x00\x00\x00\x00}
[DEBUG] HttpConnection@77276f3d::SocketChannelEndPoint@1bd6e8a{l=/127.0.0.1:38858,r=/127.0.0.1:42938,OPEN,fill=-,flush=-,to=3/30000}{io=0/0,kio=0,kro=1}->HttpConnection@77276f3d[p=HttpParser{s=START,0 of -1},g=HttpGenerator@1fdf9a47{s=START}]=>HttpChannelOverHttp@33736c40{s=HttpChannelState@4531524{s=IDLE rs=BLOCKING os=OPEN is=IDLE awp=false se=false i=true al=0},r=3,c=false/false,a=IDLE,uri=null,age=0} parse HeapByteBuffer@22b9b50d[p=0,l=0,c=8192,r=0]={<<<>>>HTTP/1.1 ...\x00\x00\x00\x00\x00\x00\x00} {}
[DEBUG] parseNext s=START HeapByteBuffer@22b9b50d[p=0,l=0,c=8192,r=0]={<<<>>>HTTP/1.1 ...\x00\x00\x00\x00\x00\x00\x00}
[DEBUG] HttpConnection@77276f3d::SocketChannelEndPoint@1bd6e8a{l=/127.0.0.1:38858,r=/127.0.0.1:42938,OPEN,fill=-,flush=-,to=3/30000}{io=0/0,kio=0,kro=1}->HttpConnection@77276f3d[p=HttpParser{s=START,0 of -1},g=HttpGenerator@1fdf9a47{s=START}]=>HttpChannelOverHttp@33736c40{s=HttpChannelState@4531524{s=IDLE rs=BLOCKING os=OPEN is=IDLE awp=false se=false i=true al=0},r=3,c=false/false,a=IDLE,uri=null,age=0} parsed false HttpParser{s=START,0 of -1}
[DEBUG] releaseRequestBuffer HttpConnection@77276f3d::SocketChannelEndPoint@1bd6e8a{l=/127.0.0.1:38858,r=/127.0.0.1:42938,OPEN,fill=-,flush=-,to=3/30000}{io=0/0,kio=0,kro=1}->HttpConnection@77276f3d[p=HttpParser{s=START,0 of -1},g=HttpGenerator@1fdf9a47{s=START}]=>HttpChannelOverHttp@33736c40{s=HttpChannelState@4531524{s=IDLE rs=BLOCKING os=OPEN is=IDLE awp=false se=false i=true al=0},r=3,c=false/false,a=IDLE,uri=null,age=0}
[DEBUG] fillInterested HttpConnection@77276f3d::SocketChannelEndPoint@1bd6e8a{l=/127.0.0.1:38858,r=/127.0.0.1:42938,OPEN,fill=-,flush=-,to=3/30000}{io=0/0,kio=0,kro=1}->HttpConnection@77276f3d[p=HttpParser{s=START,0 of -1},g=HttpGenerator@1fdf9a47{s=START}]=>HttpChannelOverHttp@33736c40{s=HttpChannelState@4531524{s=IDLE rs=BLOCKING os=OPEN is=IDLE awp=false se=false i=true al=0},r=3,c=false/false,a=IDLE,uri=null,age=0}
[DEBUG] interested FillInterest@81c799d{AC.ReadCB@77276f3d{HttpConnection@77276f3d::SocketChannelEndPoint@1bd6e8a{l=/127.0.0.1:38858,r=/127.0.0.1:42938,OPEN,fill=FI,flush=-,to=0/30000}{io=0/0,kio=0,kro=1}->HttpConnection@77276f3d[p=HttpParser{s=START,0 of -1},g=HttpGenerator@1fdf9a47{s=START}]=>HttpChannelOverHttp@33736c40{s=HttpChannelState@4531524{s=IDLE rs=BLOCKING os=OPEN is=IDLE awp=false se=false i=true al=0},r=3,c=false/false,a=IDLE,uri=null,age=0}}}
[DEBUG] changeInterests p=false 0->1 for SocketChannelEndPoint@1bd6e8a{l=/127.0.0.1:38858,r=/127.0.0.1:42938,OPEN,fill=FI,flush=-,to=0/30000}{io=0/1,kio=0,kro=1}->HttpConnection@77276f3d[p=HttpParser{s=START,0 of -1},g=HttpGenerator@1fdf9a47{s=START}]=>HttpChannelOverHttp@33736c40{s=HttpChannelState@4531524{s=IDLE rs=BLOCKING os=OPEN is=IDLE awp=false se=false i=true al=0},r=3,c=false/false,a=IDLE,uri=null,age=0}
[DEBUG] Queued change lazy=false org.eclipse.jetty.io.ChannelEndPoint$$Lambda$475/1524159954@7df2461f on ManagedSelector@129b4fe2{STARTED} id=0 keys=1 selected=0 updates=0
[DEBUG] Wakeup on submit ManagedSelector@129b4fe2{STARTED} id=0 keys=1 selected=0 updates=1
]]></system-out>
  </testcase>
  <testcase name="adoptedFormsRetainInputs" classname="org.jsoup.nodes.FormElementTest" time="0.001">
    <system-out><![CDATA[[DEBUG] Selector sun.nio.ch.EPollSelectorImpl@54609eb7 woken with none selected
[DEBUG] Selector sun.nio.ch.EPollSelectorImpl@54609eb7 woken up from select, 0/0/1 selected
[DEBUG] Selector sun.nio.ch.EPollSelectorImpl@54609eb7 processing 0 keys, 1 updates
[DEBUG] updateable 1
[DEBUG] update org.eclipse.jetty.io.ChannelEndPoint$$Lambda$475/1524159954@7df2461f
[DEBUG] Key interests updated 0 -> 1 on SocketChannelEndPoint@1bd6e8a{l=/127.0.0.1:38858,r=/127.0.0.1:42938,OPEN,fill=FI,flush=-,to=12/30000}{io=1/1,kio=1,kro=1}->HttpConnection@77276f3d[p=HttpParser{s=START,0 of -1},g=HttpGenerator@1fdf9a47{s=START}]=>HttpChannelOverHttp@33736c40{s=HttpChannelState@4531524{s=IDLE rs=BLOCKING os=OPEN is=IDLE awp=false se=false i=true al=0},r=3,c=false/false,a=IDLE,uri=null,age=0}
[DEBUG] updates 0
[DEBUG] Selector sun.nio.ch.EPollSelectorImpl@54609eb7 waiting with 1 keys
[DEBUG] HttpConnection@77276f3d::SocketChannelEndPoint@1bd6e8a{l=/127.0.0.1:38858,r=/127.0.0.1:42938,OPEN,fill=FI,flush=-,to=11/30000}{io=0/1,kio=0,kro=1}->HttpConnection@77276f3d[p=HttpParser{s=START,0 of -1},g=HttpGenerator@1fdf9a47{s=START}]=>HttpChannelOverHttp@33736c40{s=HttpChannelState@4531524{s=IDLE rs=BLOCKING os=OPEN is=IDLE awp=false se=false i=true al=0},r=3,c=false/false,a=IDLE,uri=null,age=0} onFillable exit HttpChannelState@4531524{s=IDLE rs=BLOCKING os=OPEN is=IDLE awp=false se=false i=true al=0} null
[DEBUG] ran org.eclipse.jetty.io.ManagedSelector$$Lambda$473/26928827@7bb58ac5 in QueuedThreadPool[qtp487792155]@1d131e1b{STARTED,8<=8<=200,i=4,r=-1,q=0}[ReservedThreadExecutor@7ec3394b{s=1/1,p=0}]
]]></system-out>
  </testcase>
  <testcase name="usesOnForCheckboxValueIfNoValueSet" classname="org.jsoup.nodes.FormElementTest" time="0.001"/>
  <testcase name="hasAssociatedControls" classname="org.jsoup.nodes.FormElementTest" time="0"/>
  <testcase name="actionWithNoBaseUri" classname="org.jsoup.nodes.FormElementTest" time="0.001"/>
</testsuite>