<?xml version="1.0" encoding="UTF-8"?>
<testsuite xmlns:xsi="http://www.w3.org/2001/XMLSchema-instance" xsi:noNamespaceSchemaLocation="https://maven.apache.org/surefire/maven-surefire-plugin/xsd/surefire-test-report-3.0.xsd" version="3.0" name="org.jsoup.integration.FuzzFixesTest" time="4.72" tests="48" errors="0" skipped="0" failures="0">
  <properties>
[...]
</properties>
  <testcase name="blankAbsAttr" classname="org.jsoup.integration.FuzzFixesTest" time="0"/>
  <testcase name="testHtmlParse(File)[1]" classname="org.jsoup.integration.FuzzFixesTest" time="0.464">
    <system-out><![CDATA[[DEBUG] flushed 1110 SocketChannelEndPoint@d47ed43{l=/127.0.0.1:38858,r=/127.0.0.1:42940,OPEN,fill=-,flush=W,to=21/30000}{io=0/0,kio=0,kro=1}->HttpConnection@42bd18a0[p=HttpParser{s=END,0 of -1},g=HttpGenerator@73351804{s=COMPLETING}]=>HttpChannelOverHttp@380129b{s=HttpChannelState@7bf8633{s=HANDLING rs=COMPLETING os=COMMITTED is=READY awp=false se=false i=false al=0},r=11,c=false/false,a=HANDLING,uri=//localhost:38858/EchoServlet,age=20}
[DEBUG] Flushed=true written=1110 remaining=0 WriteFlusher@21254e7e{WRITING}->null
[DEBUG] update WriteFlusher@21254e7e{IDLE}->null:WRITING-->IDLE
[DEBUG] generate: DONE for SendCallback@5f75d958[PROCESSING][i=HTTP/1.1{s=200,h=4,cl=-1},cb=org.eclipse.jetty.server.HttpChannel$SendCallback@710bbb85] ([p=199,l=199,c=8192,r=0],[p=911,l=911,c=32768,r=0],true)@END
[DEBUG] onWriteComplete(true,null) s=CLOSING,api=BLOCKED,sc=false,e=null->s=CLOSED,api=BLOCKING,sc=false,e=null c=null cb=org.eclipse.jetty.util.Callback$3@545c5572 w=false
[DEBUG] completed HttpChannelState@7bf8633{s=HANDLING rs=COMPLETING os=COMPLETED is=READY awp=false se=false i=false al=0}
[DEBUG] unhandle HttpChannelState@7bf8633{s=HANDLING rs=COMPLETED os=COMPLETED is=READY awp=false se=false i=false al=0}
[DEBUG] nextAction(false) TERMINATED HttpChannelState@7bf8633{s=IDLE rs=COMPLETED os=COMPLETED is=READY awp=false se=false i=false al=0}
[DEBUG] action TERMINATED HttpChannelOverHttp@380129b{s=HttpChannelState@7bf8633{s=IDLE rs=COMPLETED os=COMPLETED is=READY awp=false se=false i=false al=0},r=11,c=true/true,a=IDLE,uri=//localhost:38858/EchoServlet,age=20}
[DEBUG] onCompleted for /EchoServlet written=911
[DEBUG] recycle HttpChannelState@7bf8633{s=IDLE rs=COMPLETED os=COMPLETED is=READY awp=false se=false i=false al=0}
[DEBUG] reset HttpParser{s=END,0 of -1}
[DEBUG] END --> START
[DEBUG] !handle TERMINATED HttpChannelOverHttp@380129b{s=HttpChannelState@7bf8633{s=IDLE rs=BLOCKING os=OPEN is=IDLE awp=false se=false i=true al=0},r=11,c=false/false,a=IDLE,uri=null,age=0}
[DEBUG] filled 0 HeapByteBuffer@78a30358[p=0,l=0,c=8192,r=0]={<<<>>>GET /Echo...\xCe\x1f\xAf\xC2\x8d\xCey}
[DEBUG] filled 0 HeapByteBuffer@78a30358[p=0,l=0,c=8192,r=0]={<<<>>>GET /Echo...\xCe\x1f\xAf\xC2\x8d\xCey}
[DEBUG] HttpConnection@42bd18a0::SocketChannelEndPoint@d47ed43{l=/127.0.0.1:38858,r=/127.0.0.1:42940,OPEN,fill=-,flush=-,to=0/30000}{io=0/0,kio=0,kro=1}->HttpConnection@42bd18a0[p=HttpParser{s=START,0 of -1},g=HttpGenerator@73351804{s=START}]=>HttpChannelOverHttp@380129b{s=HttpChannelState@7bf8633{s=IDLE rs=BLOCKING os=OPEN is=IDLE awp=false se=false i=true al=0},r=11,c=false/false,a=IDLE,uri=null,age=0} filled 0 HeapByteBuffer@78a30358[p=0,l=0,c=8192,r=0]={<<<>>>GET /Echo...\xCe\x1f\xAf\xC2\x8d\xCey}
[DEBUG] HttpConnection@42bd18a0::SocketChannelEndPoint@d47ed43{l=/127.0.0.1:38858,r=/127.0.0.1:42940,OPEN,fill=-,flush=-,to=0/30000}{io=0/0,kio=0,kro=1}->HttpConnection@42bd18a0[p=HttpParser{s=START,0 of -1},g=HttpGenerator@73351804{s=START}]=>HttpChannelOverHttp@380129b{s=HttpChannelState@7bf8633{s=IDLE rs=BLOCKING os=OPEN is=IDLE awp=false se=false i=true al=0},r=11,c=false/false,a=IDLE,uri=null,age=0} parse HeapByteBuffer@78a30358[p=0,l=0,c=8192,r=0]={<<<>>>GET /Echo...\xCe\x1f\xAf\xC2\x8d\xCey} {}
[DEBUG] parseNext s=START HeapByteBuffer@78a30358[p=0,l=0,c=8192,r=0]={<<<>>>GET /Echo...\xCe\x1f\xAf\xC2\x8d\xCey}
[DEBUG] HttpConnection@42bd18a0::SocketChannelEndPoint@d47ed43{l=/127.0.0.1:38858,r=/127.0.0.1:42940,OPEN,fill=-,flush=-,to=0/30000}{io=0/0,kio=0,kro=1}->HttpConnection@42bd18a0[p=HttpParser{s=START,0 of -1},g=HttpGenerator@73351804{s=START}]=>HttpChannelOverHttp@380129b{s=HttpChannelState@7bf8633{s=IDLE rs=BLOCKING os=OPEN is=IDLE awp=false se=false i=true al=0},r=11,c=false/false,a=IDLE,uri=null,age=0} parsed false HttpParser{s=START,0 of -1}
[DEBUG] releaseRequestBuffer HttpConnection@42bd18a0::SocketChannelEndPoint@d47ed43{l=/127.0.0.1:38858,r=/127.0.0.1:42940,OPEN,fill=-,flush=-,to=0/30000}{io=0/0,kio=0,kro=1}->HttpConnection@42bd18a0[p=HttpParser{s=START,0 of -1},g=HttpGenerator@73351804{s=START}]=>HttpChannelOverHttp@380129b{s=HttpChannelState@7bf8633{s=IDLE rs=BLOCKING os=OPEN is=IDLE awp=false se=false i=true al=0},r=11,c=false/false,a=IDLE,uri=null,age=0}
[DEBUG] fillInterested HttpConnection@42bd18a0::SocketChannelEndPoint@d47ed43{l=/127.0.0.1:38858,r=/127.0.0.1:42940,OPEN,fill=-,flush=-,to=0/30000}{io=0/0,kio=0,kro=1}->HttpConnection@42bd18a0[p=HttpParser{s=START,0 of -1},g=HttpGenerator@73351804{s=START}]=>HttpChannelOverHttp@380129b{s=HttpChannelState@7bf8633{s=IDLE rs=BLOCKING os=OPEN is=IDLE awp=false se=false i=true al=0},r=11,c=false/false,a=IDLE,uri=null,age=0}
[DEBUG] interested FillInterest@8c0864f{AC.ReadCB@42bd18a0{HttpConnection@42bd18a0::SocketChannelEndPoint@d47ed43{l=/127.0.0.1:38858,r=/127.0.0.1:42940,OPEN,fill=FI,flush=-,to=0/30000}{io=0/0,kio=0,kro=1}->HttpConnection@42bd18a0[p=HttpParser{s=START,0 of -1},g=HttpGenerator@73351804{s=START}]=>HttpChannelOverHttp@380129b{s=HttpChannelState@7bf8633{s=IDLE rs=BLOCKING os=OPEN is=IDLE awp=false se=false i=true al=0},r=11,c=false/false,a=IDLE,uri=null,age=0}}}
[DEBUG] changeInterests p=false 0->1 for SocketChannelEndPoint@d47ed43{l=/127.0.0.1:38858,r=/127.0.0.1:42940,OPEN,fill=FI,flush=-,to=0/30000}{io=0/1,kio=0,kro=1}->HttpConnection@42bd18a0[p=HttpParser{s=START,0 of -1},g=HttpGenerator@73351804{s=START}]=>HttpChannelOverHttp@380129b{s=HttpChannelState@7bf8633{s=IDLE rs=BLOCKING os=OPEN is=IDLE awp=false se=false i=true al=0},r=11,c=false/false,a=IDLE,uri=null,age=0}
[DEBUG] Queued change lazy=false org.eclipse.jetty.io.ChannelEndPoint$$Lambda$475/1524159954@2292e7ef on ManagedSelector@129b4fe2{STARTED} id=0 keys=2 selected=0 updates=0
[DEBUG] Wakeup on submit ManagedSelector@129b4fe2{STARTED} id=0 keys=2 selected=0 updates=1
[DEBUG] Selector sun.nio.ch.EPollSelectorImpl@54609eb7 woken with none selected
[DEBUG] Selector sun.nio.ch.EPollSelectorImpl@54609eb7 woken up from select, 0/0/2 selected
[DEBUG] Selector sun.nio.ch.EPollSelectorImpl@54609eb7 processing 0 keys, 1 updates
[DEBUG] updateable 1
[DEBUG] update org.eclipse.jetty.io.ChannelEndPoint$$Lambda$475/1524159954@2292e7ef
[DEBUG] Key interests updated 0 -> 1 on SocketChannelEndPoint@d47ed43{l=/127.0.0.1:38858,r=/127.0.0.1:42940,OPEN,fill=FI,flush=-,to=1/30000}{io=1/1,kio=1,kro=1}->HttpConnection@42bd18a0[p=HttpParser{s=START,0 of -1},g=HttpGenerator@73351804{s=START}]=>HttpChannelOverHttp@380129b{s=HttpChannelState@7bf8633{s=IDLE rs=BLOCKING os=OPEN is=IDLE awp=false se=false i=true al=0},r=11,c=false/false,a=IDLE,uri=null,age=0}
[DEBUG] updates 0
[DEBUG] Selector sun.nio.ch.EPollSelectorImpl@54609eb7 waiting with 2 keys
[DEBUG] HttpConnection@42bd18a0::SocketChannelEndPoint@d47ed43{l=/127.0.0.1:38858,r=/127.0.0.1:42940,OPEN,fill=FI,flush=-,to=0/30000}{io=0/1,kio=0,kro=1}->HttpConnection@42bd18a0[p=HttpParser{s=START,0 of -1},g=HttpGenerator@73351804{s=START}]=>HttpChannelOverHttp@380129b{s=HttpChannelState@7bf8633{s=IDLE rs=BLOCKING os=OPEN is=IDLE awp=false se=false i=true al=0},r=11,c=false/false,a=IDLE,uri=null,age=0} onFillable exit HttpChannelState@7bf8633{s=IDLE rs=BLOCKING os=OPEN is=IDLE awp=false se=false i=true al=0} null
[DEBUG] ReservedThreadExecutor@7ec3394b{s=1/1,p=0}@7bd68684 size 1 > capacity
[DEBUG] ran ReservedThreadExecutor@7ec3394b{s=1/1,p=0}@7bd68684 in QueuedThreadPool[qtp487792155]@1d131e1b{STARTED,8<=9<=200,i=5,r=-1,q=0}[ReservedThreadExecutor@7ec3394b{s=1/1,p=0}]
]]></system-out>
  </testcase>
  <testcase name="testHtmlParse(File)[2]" classname="org.jsoup.integration.FuzzFixesTest" time="0.021"/>
  <testcase name="testHtmlParse(File)[3]" classname="org.jsoup.integration.FuzzFixesTest" time="0.014"/>
  <testcase name="testHtmlParse(File)[4]" classname="org.jsoup.integration.FuzzFixesTest" time="0.007"/>
  <testcase name="testHtmlParse(File)[5]" classname="org.jsoup.integration.FuzzFixesTest" time="0.137"/>
  <testcase name="testHtmlParse(File)[6]" classname="org.jsoup.integration.FuzzFixesTest" time="0.019"/>
  <testcase name="testHtmlParse(File)[7]" classname="org.jsoup.integration.FuzzFixesTest" time="0.403"/>
  <testcase name="testHtmlParse(File)[8]" classname="org.jsoup.integration.FuzzFixesTest" time="0.004"/>
  <testcase name="testHtmlParse(File)[9]" classname="org.jsoup.integration.FuzzFixesTest" time="0.015"/>
  <testcase name="testHtmlParse(File)[10]" classname="org.jsoup.integration.FuzzFixesTest" time="0.013"/>
  <testcase name="testHtmlParse(File)[11]" classname="org.jsoup.integration.FuzzFixesTest" time="0.214"/>
  <testcase name="testHtmlParse(File)[12]" classname="org.jsoup.integration.FuzzFixesTest" time="0.185"/>
  <testcase name="testHtmlParse(File)[13]" classname="org.jsoup.integration.FuzzFixesTest" time="0.351"/>
  <testcase name="testHtmlParse(File)[14]" classname="org.jsoup.integration.FuzzFixesTest" time="0.007"/>
  <testcase name="testHtmlParse(File)[15]" classname="org.jsoup.integration.FuzzFixesTest" time="0.263"/>
  <testcase name="testHtmlParse(File)[16]" classname="org.jsoup.integration.FuzzFixesTest" time="0.015"/>
  <testcase name="testHtmlParse(File)[17]" classname="org.jsoup.integration.FuzzFixesTest" time="0.001"/>
  <testcase name="testHtmlParse(File)[18]" classname="org.jsoup.integration.FuzzFixesTest" time="0.068"/>
  <testcase name="testHtmlParse(File)[19]" classname="org.jsoup.integration.FuzzFixesTest" time="0.375"/>
  <testcase name="testHtmlParse(File)[20]" classname="org.jsoup.integration.FuzzFixesTest" time="0.298"/>
  <testcase name="testHtmlParse(File)[21]" classname="org.jsoup.integration.FuzzFixesTest" time="0"/>
  <testcase name="testHtmlParse(File)[22]" classname="org.jsoup.integration.FuzzFixesTest" time="0.001"/>
  <testcase name="testHtmlParse(File)[23]" classname="org.jsoup.integration.FuzzFixesTest" time="0.326"/>
  <testcase name="testXmlParse(File)[1]" classname="org.jsoup.integration.FuzzFixesTest" time="0.086"/>
  <testcase name="testXmlParse(File)[2]" classname="org.jsoup.integration.FuzzFixesTest" time="0.006"/>
  <testcase name="testXmlParse(File)[3]" classname="org.jsoup.integration.FuzzFixesTest" time="0.005"/>
  <testcase name="testXmlParse(File)[4]" classname="org.jsoup.integration.FuzzFixesTest" time="0.003"/>
  <testcase name="testXmlParse(File)[5]" classname="org.jsoup.integration.FuzzFixesTest" time="0.013"/>
  <testcase name="testXmlParse(File)[6]" classname="org.jsoup.integration.FuzzFixesTest" time="0.013"/>
  <testcase name="testXmlParse(File)[7]" classname="org.jsoup.integration.FuzzFixesTest" time="0.243"/>
  <testcase name="testXmlParse(File)[8]" classname="org.jsoup.integration.FuzzFixesTest" time="0.049"/>
  <testcase name="testXmlParse(File)[9]" classname="org.jsoup.integration.FuzzFixesTest" time="0.335"/>
  <testcase name="testXmlParse(File)[10]" classname="org.jsoup.integration.FuzzFixesTest" time="0.023"/>
  <testcase name="testXmlParse(File)[11]" classname="org.jsoup.integration.FuzzFixesTest" time="0.031"/>
  <testcase name="testXmlParse(File)[12]" classname="org.jsoup.integration.FuzzFixesTest" time="0.005"/>
  <testcase name="testXmlParse(File)[13]" classname="org.jsoup.integration.FuzzFixesTest" time="0.086"/>
  <testcase name="testXmlParse(File)[14]" classname="org.jsoup.integration.FuzzFixesTest" time="0.004"/>
  <testcase name="testXmlParse(File)[15]" classname="org.jsoup.integration.FuzzFixesTest" time="0.081"/>
  <testcase name="testXmlParse(File)[16]" classname="org.jsoup.integration.FuzzFixesTest" time="0.002"/>
  <testcase name="testXmlParse(File)[17]" classname="org.jsoup.integration.FuzzFixesTest" time="0.001"/>
  <testcase name="testXmlParse(File)[18]" classname="org.jsoup.integration.FuzzFixesTest" time="0.061"/>
  <testcase name="testXmlParse(File)[19]" classname="org.jsoup.integration.FuzzFixesTest" time="0.099"/>
  <testcase name="testXmlParse(File)[20]" classname="org.jsoup.integration.FuzzFixesTest" time="0.21"/>
  <testcase name="testXmlParse(File)[21]" classname="org.jsoup.integration.FuzzFixesTest" time="0.001"/>
  <testcase name="testXmlParse(File)[22]" classname="org.jsoup.integration.FuzzFixesTest" time="0.001"/>
  <testcase name="testXmlParse(File)[23]" classname="org.jsoup.integration.FuzzFixesTest" time="0.028"/>
  <testcase name="bookmark" classname="org.jsoup.integration.FuzzFixesTest" time="0"/>
</testsuite>