<?xml version="1.0" encoding="UTF-8"?>
<testsuite xmlns:xsi="http://www.w3.org/2001/XMLSchema-instance" xsi:noNamespaceSchemaLocation="https://maven.apache.org/surefire/maven-surefire-plugin/xsd/surefire-test-report-3.0.xsd" version="3.0" name="org.jsoup.select.TraversorTest" time="0.034" tests="7" errors="0" skipped="0" failures="0">
  <properties>
[...]
</properties>
  <testcase name="canAddChildren" classname="org.jsoup.select.TraversorTest" time="0.007"/>
  <testcase name="filterStop" classname="org.jsoup.select.TraversorTest" time="0.001"/>
  <testcase name="replaceElement" classname="org.jsoup.select.TraversorTest" time="0.002"/>
  <testcase name="filterVisit" classname="org.jsoup.select.TraversorTest" time="0.001"/>
  <testcase name="filterSkipChildren" classname="org.jsoup.select.TraversorTest" time="0.002"/>
  <testcase name="filterSkipEntirely" classname="org.jsoup.select.TraversorTest" time="0.001"/>
  <testcase name="filterRemove" classname="org.jsoup.select.TraversorTest" time="0.005"/>
</testsuite>